2026/02/19 (16:14:21) | WARNING: NVML: Failed to get GPU utilization: Unknown Error
2026/02/19 (16:14:27) | WARNING: NVML: Failed to get GPU utilization: Unknown Error
2026/02/19 (16:14:27) | WARNING: NVML: Failed to get GPU power usage: Not Supported
2026/02/19 (16:14:29) | WARNING: NVML: Failed to get GPU power usage: Not Supported
2026/02/19 (16:14:33) | WARNING: NVML: Failed to get GPU utilization: Unknown Error
2026/02/19 (16:14:34) | WARNING: NVML: Failed to get GPU power usage: Not Supported
2026/02/19 (16:14:35) | WARNING: NVML: Failed to get GPU power usage: Not Supported
2026/02/19 (16:14:39) | WARNING: NVML: Failed to get GPU utilization: Unknown Error
2026/02/19 (16:14:41) | WARNING: NVML: Failed to get GPU power usage: Not Supported
2026/02/19 (16:14:45) | WARNING: NVML: Failed to get GPU utilization: Unknown Error
2026/02/19 (16:14:46) | WARNING: NVML: Failed to get GPU power usage: Not Supported
2026/02/19 (16:14:47) | WARNING: NVML: Failed to get GPU power usage: Not Supported
2026/02/19 (16:14:49) | WARNING: NVML: Failed to get GPU utilization: Unknown Error
2026/02/19 (16:14:49) | WARNING: NVML: Failed to get GPU power usage: Not Supported
2026/02/19 (16:14:51) | WARNING: NVML: Failed to get GPU utilization: Unknown Error
2026/02/19 (16:14:51) | WARNING: NVML: Failed to get GPU power usage: Not Supported
2026/02/19 (16:14:53) | WARNING: NVML: Failed to get GPU power usage: Not Supported
2026/02/19 (16:14:57) | WARNING: NVML: Failed to get GPU utilization: Unknown Error
2026/02/19 (16:14:58) | WARNING: NVML: Failed to get GPU power usage: Not Supported
2026/02/19 (16:15:01) | WARNING: NVML: Failed to get GPU utilization: Unknown Error
2026/02/19 (16:15:01) | WARNING: NVML: Failed to get GPU power usage: Not Supported
2026/02/19 (16:15:03) | WARNING: NVML: Failed to get GPU power usage: Not Supported
2026/02/19 (16:15:05) | WARNING: NVML: Failed to get GPU power usage: Not Supported
2026/02/19 (16:15:07) | WARNING: NVML: Failed to get GPU utilization: Unknown Error
2026/02/19 (16:15:07) | WARNING: NVML: Failed to get GPU power usage: Not Supported
2026/02/19 (16:15:09) | WARNING: NVML: Failed to get GPU utilization: Unknown Error
2026/02/19 (16:15:09) | WARNING: NVML: Failed to get GPU power usage: Not Supported
2026/02/19 (16:15:11) | WARNING: NVML: Failed to get GPU utilization: Unknown Error
2026/02/19 (16:15:11) | WARNING: NVML: Failed to get GPU power usage: Not Supported
2026/02/19 (16:15:13) | WARNING: NVML: Failed to get GPU utilization: Unknown Error
2026/02/19 (16:15:13) | WARNING: NVML: Failed to get GPU power usage: Not Supported
2026/02/19 (16:15:15) | WARNING: NVML: Failed to get GPU utilization: Unknown Error
2026/02/19 (16:15:17) | WARNING: NVML: Failed to get GPU utilization: Unknown Error
2026/02/19 (16:15:17) | WARNING: NVML: Failed to get GPU power usage: Not Supported
2026/02/19 (16:15:19) | WARNING: NVML: Failed to get GPU utilization: Unknown Error
2026/02/19 (16:15:19) | WARNING: NVML: Failed to get GPU power usage: Not Supported
2026/02/19 (16:15:21) | WARNING: NVML: Failed to get GPU utilization: Unknown Error
2026/02/19 (16:15:21) | WARNING: NVML: Failed to get GPU power usage: Not Supported
2026/02/19 (16:15:23) | WARNING: NVML: Failed to get GPU utilization: Unknown Error
2026/02/19 (16:15:25) | WARNING: NVML: Failed to get GPU utilization: Unknown Error
2026/02/19 (16:15:25) | WARNING: NVML: Failed to get GPU power usage: Not Supported
2026/02/19 (16:15:27) | WARNING: NVML: Failed to get GPU utilization: Unknown Error
2026/02/19 (16:15:27) | WARNING: NVML: Failed to get GPU power usage: Not Supported
2026/02/19 (16:15:29) | WARNING: NVML: Failed to get GPU utilization: Unknown Error
2026/02/19 (16:15:29) | WARNING: NVML: Failed to get GPU power usage: Not Supported
2026/02/19 (16:15:31) | WARNING: NVML: Failed to get GPU utilization: Unknown Error
2026/02/19 (16:15:31) | WARNING: NVML: Failed to get GPU power usage: Not Supported
2026/02/19 (16:15:33) | WARNING: NVML: Failed to get GPU utilization: Unknown Error
2026/02/19 (16:15:33) | WARNING: NVML: Failed to get GPU power usage: Not Supported
2026/02/19 (16:15:35) | WARNING: NVML: Failed to get GPU utilization: Unknown Error
2026/02/19 (16:15:35) | WARNING: NVML: Failed to get GPU power usage: Not Supported
2026/02/19 (16:15:37) | WARNING: NVML: Failed to get GPU power usage: Not Supported
2026/02/19 (16:15:39) | WARNING: NVML: Failed to get GPU utilization: Unknown Error
2026/02/19 (16:15:39) | WARNING: NVML: Failed to get GPU power usage: Not Supported
2026/02/19 (16:15:41) | WARNING: NVML: Failed to get GPU utilization: Unknown Error
2026/02/19 (16:15:41) | WARNING: NVML: Failed to get GPU power usage: Not Supported
2026/02/19 (16:15:43) | WARNING: NVML: Failed to get GPU utilization: Unknown Error
2026/02/19 (16:15:43) | WARNING: NVML: Failed to get GPU power usage: Not Supported
2026/02/19 (16:15:45) | WARNING: NVML: Failed to get GPU utilization: Unknown Error
2026/02/19 (16:15:47) | WARNING: NVML: Failed to get GPU utilization: Unknown Error
2026/02/19 (16:15:47) | WARNING: NVML: Failed to get GPU power usage: Not Supported
2026/02/19 (16:15:49) | WARNING: NVML: Failed to get GPU power usage: Not Supported
2026/02/19 (16:15:51) | WARNING: NVML: Failed to get GPU utilization: Unknown Error
2026/02/19 (16:15:53) | WARNING: NVML: Failed to get GPU utilization: Unknown Error
2026/02/19 (16:15:53) | WARNING: NVML: Failed to get GPU power usage: Not Supported
2026/02/19 (16:15:55) | WARNING: NVML: Failed to get GPU utilization: Unknown Error
2026/02/19 (16:15:55) | WARNING: NVML: Failed to get GPU power usage: Not Supported
2026/02/19 (16:15:57) | WARNING: NVML: Failed to get GPU utilization: Unknown Error
2026/02/19 (16:15:57) | WARNING: NVML: Failed to get GPU power usage: Not Supported
2026/02/19 (16:15:59) | WARNING: NVML: Failed to get GPU power usage: Not Supported
2026/02/19 (16:16:03) | WARNING: NVML: Failed to get GPU utilization: Unknown Error
2026/02/19 (16:16:05) | WARNING: NVML: Failed to get GPU power usage: Not Supported
2026/02/19 (16:16:09) | WARNING: NVML: Failed to get GPU utilization: Unknown Error
2026/02/19 (16:16:10) | WARNING: NVML: Failed to get GPU power usage: Not Supported
2026/02/19 (16:16:15) | WARNING: NVML: Failed to get GPU utilization: Unknown Error
2026/02/19 (16:16:21) | WARNING: NVML: Failed to get GPU utilization: Unknown Error
2026/02/19 (16:16:23) | WARNING: NVML: Failed to get GPU power usage: Not Supported
2026/02/19 (16:16:27) | WARNING: NVML: Failed to get GPU utilization: Unknown Error
2026/02/19 (16:16:27) | WARNING: NVML: Failed to get GPU power usage: Not Supported
2026/02/19 (16:16:29) | WARNING: NVML: Failed to get GPU power usage: Not Supported
2026/02/19 (16:16:33) | WARNING: NVML: Failed to get GPU utilization: Unknown Error
2026/02/19 (16:16:34) | WARNING: NVML: Failed to get GPU power usage: Not Supported
2026/02/19 (16:16:35) | WARNING: NVML: Failed to get GPU power usage: Not Supported
2026/02/19 (16:16:39) | WARNING: NVML: Failed to get GPU utilization: Unknown Error
2026/02/19 (16:16:41) | WARNING: NVML: Failed to get GPU utilization: Unknown Error
2026/02/19 (16:16:42) | WARNING: NVML: Failed to get GPU power usage: Not Supported
2026/02/19 (16:16:43) | WARNING: NVML: Failed to get GPU utilization: Unknown Error
2026/02/19 (16:16:45) | WARNING: NVML: Failed to get GPU utilization: Unknown Error
2026/02/19 (16:16:45) | WARNING: NVML: Failed to get GPU power usage: Not Supported
2026/02/19 (16:16:47) | WARNING: NVML: Failed to get GPU utilization: Unknown Error
2026/02/19 (16:16:48) | WARNING: NVML: Failed to get GPU power usage: Not Supported
2026/02/19 (16:16:49) | WARNING: NVML: Failed to get GPU power usage: Not Supported
2026/02/19 (16:16:51) | WARNING: NVML: Failed to get GPU utilization: Unknown Error
2026/02/19 (16:16:53) | WARNING: NVML: Failed to get GPU utilization: Unknown Error
2026/02/19 (16:16:53) | WARNING: NVML: Failed to get GPU power usage: Not Supported
2026/02/19 (16:16:55) | WARNING: NVML: Failed to get GPU utilization: Unknown Error
2026/02/19 (16:16:56) | WARNING: NVML: Failed to get GPU power usage: Not Supported
2026/02/19 (16:16:57) | WARNING: NVML: Failed to get GPU utilization: Unknown Error
2026/02/19 (16:16:58) | WARNING: NVML: Failed to get GPU power usage: Not Supported
2026/02/19 (16:16:59) | WARNING: NVML: Failed to get GPU utilization: Unknown Error
2026/02/19 (16:17:00) | WARNING: NVML: Failed to get GPU power usage: Not Supported
2026/02/19 (16:17:01) | WARNING: NVML: Failed to get GPU utilization: Unknown Error
2026/02/19 (16:17:02) | WARNING: NVML: Failed to get GPU power usage: Not Supported
2026/02/19 (16:17:03) | WARNING: NVML: Failed to get GPU utilization: Unknown Error
2026/02/19 (16:17:05) | WARNING: NVML: Failed to get GPU utilization: Unknown Error
2026/02/19 (16:17:06) | WARNING: NVML: Failed to get GPU power usage: Not Supported
2026/02/19 (16:17:07) | WARNING: NVML: Failed to get GPU utilization: Unknown Error
2026/02/19 (16:17:08) | WARNING: NVML: Failed to get GPU power usage: Not Supported
2026/02/19 (16:17:09) | WARNING: NVML: Failed to get GPU utilization: Unknown Error
2026/02/19 (16:17:10) | WARNING: NVML: Failed to get GPU power usage: Not Supported
2026/02/19 (16:17:11) | WARNING: NVML: Failed to get GPU utilization: Unknown Error
2026/02/19 (16:17:12) | WARNING: NVML: Failed to get GPU power usage: Not Supported
2026/02/19 (16:17:13) | WARNING: NVML: Failed to get GPU utilization: Unknown Error
2026/02/19 (16:17:14) | WARNING: NVML: Failed to get GPU power usage: Not Supported
2026/02/19 (16:17:15) | WARNING: NVML: Failed to get GPU utilization: Unknown Error
2026/02/19 (16:17:16) | WARNING: NVML: Failed to get GPU power usage: Not Supported
2026/02/19 (16:17:19) | WARNING: NVML: Failed to get GPU utilization: Unknown Error
2026/02/19 (16:17:21) | WARNING: NVML: Failed to get GPU utilization: Unknown Error
2026/02/19 (16:17:22) | WARNING: NVML: Failed to get GPU power usage: Not Supported
2026/02/19 (16:17:23) | WARNING: NVML: Failed to get GPU utilization: Unknown Error
2026/02/19 (16:17:25) | WARNING: NVML: Failed to get GPU utilization: Unknown Error
2026/02/19 (16:17:26) | WARNING: NVML: Failed to get GPU power usage: Not Supported
2026/02/19 (16:17:27) | WARNING: NVML: Failed to get GPU utilization: Unknown Error
2026/02/19 (16:17:28) | WARNING: NVML: Failed to get GPU power usage: Not Supported
2026/02/19 (16:17:29) | WARNING: NVML: Failed to get GPU power usage: Not Supported
2026/02/19 (16:17:35) | WARNING: NVML: Failed to get GPU utilization: Unknown Error
2026/02/19 (16:17:36) | WARNING: NVML: Failed to get GPU power usage: Not Supported
2026/02/19 (16:17:37) | WARNING: NVML: Failed to get GPU utilization: Unknown Error
2026/02/19 (16:17:38) | WARNING: NVML: Failed to get GPU power usage: Not Supported
2026/02/19 (16:17:39) | WARNING: NVML: Failed to get GPU utilization: Unknown Error
2026/02/19 (16:17:40) | WARNING: NVML: Failed to get GPU power usage: Not Supported
2026/02/19 (16:17:41) | WARNING: NVML: Failed to get GPU power usage: Not Supported
2026/02/19 (16:17:43) | WARNING: NVML: Failed to get GPU utilization: Unknown Error
2026/02/19 (16:17:44) | WARNING: NVML: Failed to get GPU power usage: Not Supported
2026/02/19 (16:17:45) | WARNING: NVML: Failed to get GPU utilization: Unknown Error
2026/02/19 (16:17:47) | WARNING: NVML: Failed to get GPU utilization: Unknown Error
2026/02/19 (16:17:48) | WARNING: NVML: Failed to get GPU power usage: Not Supported
2026/02/19 (16:17:49) | WARNING: NVML: Failed to get GPU utilization: Unknown Error
2026/02/19 (16:17:50) | WARNING: NVML: Failed to get GPU power usage: Not Supported
2026/02/19 (16:17:51) | WARNING: NVML: Failed to get GPU utilization: Unknown Error
2026/02/19 (16:17:52) | WARNING: NVML: Failed to get GPU power usage: Not Supported
2026/02/19 (16:17:53) | WARNING: NVML: Failed to get GPU utilization: Unknown Error
2026/02/19 (16:17:55) | WARNING: NVML: Failed to get GPU utilization: Unknown Error
2026/02/19 (16:17:57) | WARNING: NVML: Failed to get GPU utilization: Unknown Error
2026/02/19 (16:17:59) | WARNING: NVML: Failed to get GPU power usage: Not Supported
2026/02/19 (16:18:03) | WARNING: NVML: Failed to get GPU utilization: Unknown Error
2026/02/19 (16:18:04) | WARNING: NVML: Failed to get GPU power usage: Not Supported
2026/02/19 (16:18:05) | WARNING: NVML: Failed to get GPU utilization: Unknown Error
2026/02/19 (16:18:06) | WARNING: NVML: Failed to get GPU power usage: Not Supported
2026/02/19 (16:18:07) | WARNING: NVML: Failed to get GPU utilization: Unknown Error
2026/02/19 (16:18:08) | WARNING: NVML: Failed to get GPU power usage: Not Supported
2026/02/19 (16:18:09) | WARNING: NVML: Failed to get GPU utilization: Unknown Error
2026/02/19 (16:18:10) | WARNING: NVML: Failed to get GPU power usage: Not Supported
2026/02/19 (16:18:11) | WARNING: NVML: Failed to get GPU utilization: Unknown Error
2026/02/19 (16:18:12) | WARNING: NVML: Failed to get GPU power usage: Not Supported
2026/02/19 (16:18:13) | WARNING: NVML: Failed to get GPU utilization: Unknown Error
2026/02/19 (16:18:14) | WARNING: NVML: Failed to get GPU power usage: Not Supported
2026/02/19 (16:18:15) | WARNING: NVML: Failed to get GPU utilization: Unknown Error
2026/02/19 (16:18:16) | WARNING: NVML: Failed to get GPU power usage: Not Supported
2026/02/19 (16:18:17) | WARNING: NVML: Failed to get GPU power usage: Not Supported
2026/02/19 (16:18:21) | WARNING: NVML: Failed to get GPU utilization: Unknown Error
2026/02/19 (16:18:22) | WARNING: NVML: Failed to get GPU power usage: Not Supported
2026/02/19 (16:18:23) | WARNING: NVML: Failed to get GPU utilization: Unknown Error
2026/02/19 (16:18:24) | WARNING: NVML: Failed to get GPU power usage: Not Supported
2026/02/19 (16:18:25) | WARNING: NVML: Failed to get GPU utilization: Unknown Error
2026/02/19 (16:18:26) | WARNING: NVML: Failed to get GPU power usage: Not Supported
2026/02/19 (16:18:29) | WARNING: NVML: Failed to get GPU utilization: Unknown Error
2026/02/19 (16:18:30) | WARNING: NVML: Failed to get GPU power usage: Not Supported
2026/02/19 (16:18:31) | WARNING: NVML: Failed to get GPU utilization: Unknown Error
2026/02/19 (16:18:32) | WARNING: NVML: Failed to get GPU power usage: Not Supported
2026/02/19 (16:18:33) | WARNING: NVML: Failed to get GPU utilization: Unknown Error
2026/02/19 (16:18:34) | WARNING: NVML: Failed to get GPU power usage: Not Supported
2026/02/19 (16:18:35) | WARNING: NVML: Failed to get GPU utilization: Unknown Error
2026/02/19 (16:18:36) | WARNING: NVML: Failed to get GPU power usage: Not Supported
2026/02/19 (16:18:37) | WARNING: NVML: Failed to get GPU utilization: Unknown Error
2026/02/19 (16:18:41) | WARNING: NVML: Failed to get GPU power usage: Not Supported
2026/02/19 (16:18:43) | WARNING: NVML: Failed to get GPU utilization: Unknown Error
2026/02/19 (16:18:45) | WARNING: NVML: Failed to get GPU utilization: Unknown Error
2026/02/19 (16:18:46) | WARNING: NVML: Failed to get GPU power usage: Not Supported
2026/02/19 (16:18:51) | WARNING: NVML: Failed to get GPU utilization: Unknown Error
2026/02/19 (16:18:52) | WARNING: NVML: Failed to get GPU power usage: Not Supported
2026/02/19 (16:18:53) | WARNING: NVML: Failed to get GPU power usage: Not Supported
2026/02/19 (16:18:57) | WARNING: NVML: Failed to get GPU utilization: Unknown Error
2026/02/19 (16:18:59) | WARNING: NVML: Failed to get GPU power usage: Not Supported
2026/02/19 (16:19:04) | WARNING: NVML: Failed to get GPU power usage: Not Supported
2026/02/19 (16:19:05) | WARNING: NVML: Failed to get GPU power usage: Not Supported
2026/02/19 (16:19:16) | WARNING: NVML: Failed to get GPU power usage: Not Supported
2026/02/19 (16:19:17) | WARNING: NVML: Failed to get GPU power usage: Not Supported
2026/02/19 (16:20:53) | WARNING: NVML: Failed to get GPU utilization: Unknown Error
2026/02/19 (16:20:55) | WARNING: NVML: Failed to get GPU utilization: Unknown Error
2026/02/19 (16:20:57) | WARNING: NVML: Failed to get GPU utilization: Unknown Error
2026/02/19 (16:20:58) | WARNING: NVML: Failed to get GPU power usage: Not Supported
2026/02/19 (16:20:59) | WARNING: NVML: Failed to get GPU utilization: Unknown Error
2026/02/19 (16:21:00) | WARNING: NVML: Failed to get GPU power usage: Not Supported
2026/02/19 (16:21:01) | WARNING: NVML: Failed to get GPU utilization: Unknown Error
2026/02/19 (16:21:02) | WARNING: NVML: Failed to get GPU power usage: Not Supported
2026/02/19 (16:21:03) | WARNING: NVML: Failed to get GPU utilization: Unknown Error
2026/02/19 (16:21:04) | WARNING: NVML: Failed to get GPU power usage: Not Supported
2026/02/19 (16:21:05) | WARNING: NVML: Failed to get GPU utilization: Unknown Error
2026/02/19 (16:21:06) | WARNING: NVML: Failed to get GPU power usage: Not Supported
2026/02/19 (16:21:07) | WARNING: NVML: Failed to get GPU utilization: Unknown Error
2026/02/19 (16:21:10) | WARNING: NVML: Failed to get GPU power usage: Not Supported
2026/02/19 (16:21:13) | WARNING: NVML: Failed to get GPU utilization: Unknown Error
2026/02/19 (16:21:14) | WARNING: NVML: Failed to get GPU power usage: Not Supported
2026/02/19 (16:21:15) | WARNING: NVML: Failed to get GPU utilization: Unknown Error
2026/02/19 (16:21:16) | WARNING: NVML: Failed to get GPU power usage: Not Supported
2026/02/19 (16:21:17) | WARNING: NVML: Failed to get GPU utilization: Unknown Error
2026/02/19 (16:21:18) | WARNING: NVML: Failed to get GPU power usage: Not Supported
2026/02/19 (16:21:19) | WARNING: NVML: Failed to get GPU utilization: Unknown Error
2026/02/19 (16:21:21) | WARNING: NVML: Failed to get GPU utilization: Unknown Error
2026/02/19 (16:21:23) | WARNING: NVML: Failed to get GPU utilization: Unknown Error
2026/02/19 (16:21:25) | WARNING: NVML: Failed to get GPU utilization: Unknown Error
2026/02/19 (16:21:26) | WARNING: NVML: Failed to get GPU power usage: Not Supported
2026/02/19 (16:21:27) | WARNING: NVML: Failed to get GPU utilization: Unknown Error
2026/02/19 (16:21:28) | WARNING: NVML: Failed to get GPU power usage: Not Supported
2026/02/19 (16:21:29) | WARNING: NVML: Failed to get GPU utilization: Unknown Error
2026/02/19 (16:21:30) | WARNING: NVML: Failed to get GPU power usage: Not Supported
2026/02/19 (16:21:31) | WARNING: NVML: Failed to get GPU utilization: Unknown Error
2026/02/19 (16:21:32) | WARNING: NVML: Failed to get GPU power usage: Not Supported
2026/02/19 (16:21:34) | WARNING: NVML: Failed to get GPU power usage: Not Supported
2026/02/19 (16:21:36) | WARNING: NVML: Failed to get GPU utilization: Unknown Error
2026/02/19 (16:21:36) | WARNING: NVML: Failed to get GPU power usage: Not Supported
2026/02/19 (16:21:37) | WARNING: NVML: Failed to get GPU utilization: Unknown Error
2026/02/19 (16:21:40) | WARNING: NVML: Failed to get GPU power usage: Not Supported
2026/02/19 (16:21:42) | WARNING: NVML: Failed to get GPU utilization: Unknown Error
2026/02/19 (16:21:43) | WARNING: NVML: Failed to get GPU utilization: Unknown Error
2026/02/19 (16:21:50) | WARNING: NVML: Failed to get GPU power usage: Not Supported
2026/02/19 (16:21:52) | WARNING: NVML: Failed to get GPU power usage: Not Supported
2026/02/19 (16:25:15) | WARNING: NVML: Failed to get GPU utilization: Unknown Error
2026/02/19 (16:25:19) | WARNING: NVML: Failed to get GPU utilization: Unknown Error
2026/02/19 (16:25:21) | WARNING: NVML: Failed to get GPU utilization: Unknown Error
2026/02/19 (16:25:23) | WARNING: NVML: Failed to get GPU utilization: Unknown Error
2026/02/19 (16:25:25) | WARNING: NVML: Failed to get GPU utilization: Unknown Error
2026/02/19 (16:25:27) | WARNING: NVML: Failed to get GPU utilization: Unknown Error
2026/02/19 (16:25:31) | WARNING: NVML: Failed to get GPU utilization: Unknown Error
2026/02/19 (16:25:33) | WARNING: NVML: Failed to get GPU utilization: Unknown Error
2026/02/19 (16:25:37) | WARNING: NVML: Failed to get GPU utilization: Unknown Error
2026/02/19 (16:25:39) | WARNING: NVML: Failed to get GPU utilization: Unknown Error
2026/02/19 (16:25:45) | WARNING: NVML: Failed to get GPU utilization: Unknown Error
2026/02/19 (16:25:51) | WARNING: NVML: Failed to get GPU utilization: Unknown Error
2026/02/19 (16:25:53) | WARNING: NVML: Failed to get GPU utilization: Unknown Error
2026/02/19 (16:25:55) | WARNING: NVML: Failed to get GPU utilization: Unknown Error
2026/02/19 (16:25:57) | WARNING: NVML: Failed to get GPU utilization: Unknown Error
2026/02/19 (16:26:03) | WARNING: NVML: Failed to get GPU utilization: Unknown Error
2026/02/19 (16:26:09) | WARNING: NVML: Failed to get GPU utilization: Unknown Error
2026/02/19 (16:26:15) | WARNING: NVML: Failed to get GPU utilization: Unknown Error
2026/02/19 (16:26:21) | WARNING: NVML: Failed to get GPU utilization: Unknown Error
2026/02/19 (16:26:27) | WARNING: NVML: Failed to get GPU utilization: Unknown Error
2026/02/19 (16:26:41) | WARNING: NVML: Failed to get GPU utilization: Unknown Error
2026/02/19 (16:26:43) | WARNING: NVML: Failed to get GPU utilization: Unknown Error
2026/02/19 (16:26:45) | WARNING: NVML: Failed to get GPU utilization: Unknown Error
2026/02/19 (16:26:47) | WARNING: NVML: Failed to get GPU utilization: Unknown Error
2026/02/19 (16:26:49) | WARNING: NVML: Failed to get GPU utilization: Unknown Error
2026/02/19 (16:26:51) | WARNING: NVML: Failed to get GPU utilization: Unknown Error
2026/02/19 (16:26:55) | WARNING: NVML: Failed to get GPU utilization: Unknown Error
2026/02/19 (16:27:03) | WARNING: NVML: Failed to get GPU utilization: Unknown Error
2026/02/19 (16:27:05) | WARNING: NVML: Failed to get GPU utilization: Unknown Error
2026/02/19 (16:27:07) | WARNING: NVML: Failed to get GPU utilization: Unknown Error
2026/02/19 (16:27:09) | WARNING: NVML: Failed to get GPU utilization: Unknown Error
2026/02/19 (16:27:11) | WARNING: NVML: Failed to get GPU utilization: Unknown Error
2026/02/19 (16:27:13) | WARNING: NVML: Failed to get GPU utilization: Unknown Error
2026/02/19 (16:27:15) | WARNING: NVML: Failed to get GPU utilization: Unknown Error
2026/02/19 (16:27:19) | WARNING: NVML: Failed to get GPU utilization: Unknown Error
2026/02/19 (16:27:21) | WARNING: NVML: Failed to get GPU utilization: Unknown Error
2026/02/19 (16:27:23) | WARNING: NVML: Failed to get GPU utilization: Unknown Error
2026/02/19 (16:27:25) | WARNING: NVML: Failed to get GPU utilization: Unknown Error
2026/02/19 (16:27:27) | WARNING: NVML: Failed to get GPU utilization: Unknown Error
2026/02/19 (16:27:29) | WARNING: NVML: Failed to get GPU utilization: Unknown Error
2026/02/19 (16:27:31) | WARNING: NVML: Failed to get GPU utilization: Unknown Error
2026/02/19 (16:27:33) | WARNING: NVML: Failed to get GPU utilization: Unknown Error
2026/02/19 (16:27:35) | WARNING: NVML: Failed to get GPU utilization: Unknown Error
2026/02/19 (16:27:37) | WARNING: NVML: Failed to get GPU utilization: Unknown Error
2026/02/19 (16:27:39) | WARNING: NVML: Failed to get GPU utilization: Unknown Error
2026/02/19 (16:27:41) | WARNING: NVML: Failed to get GPU utilization: Unknown Error
2026/02/19 (16:27:43) | WARNING: NVML: Failed to get GPU utilization: Unknown Error
2026/02/19 (16:27:45) | WARNING: NVML: Failed to get GPU utilization: Unknown Error
2026/02/19 (16:27:47) | WARNING: NVML: Failed to get GPU utilization: Unknown Error
2026/02/19 (16:27:49) | WARNING: NVML: Failed to get GPU utilization: Unknown Error
2026/02/19 (16:27:51) | WARNING: NVML: Failed to get GPU utilization: Unknown Error
2026/02/19 (16:27:53) | WARNING: NVML: Failed to get GPU utilization: Unknown Error
2026/02/19 (16:27:55) | WARNING: NVML: Failed to get GPU utilization: Unknown Error
2026/02/19 (16:27:57) | WARNING: NVML: Failed to get GPU utilization: Unknown Error
2026/02/19 (16:27:59) | WARNING: NVML: Failed to get GPU utilization: Unknown Error
2026/02/19 (16:28:01) | WARNING: NVML: Failed to get GPU utilization: Unknown Error
2026/02/19 (16:28:07) | WARNING: NVML: Failed to get GPU utilization: Unknown Error
2026/02/19 (16:28:13) | WARNING: NVML: Failed to get GPU utilization: Unknown Error
2026/02/19 (16:28:19) | WARNING: NVML: Failed to get GPU utilization: Unknown Error
2026/02/19 (16:28:25) | WARNING: NVML: Failed to get GPU utilization: Unknown Error
2026/02/19 (16:28:31) | WARNING: NVML: Failed to get GPU utilization: Unknown Error
2026/02/19 (16:28:37) | WARNING: NVML: Failed to get GPU utilization: Unknown Error
2026/02/19 (16:28:43) | WARNING: NVML: Failed to get GPU utilization: Unknown Error
2026/02/19 (16:28:49) | WARNING: NVML: Failed to get GPU utilization: Unknown Error
2026/02/19 (16:28:55) | WARNING: NVML: Failed to get GPU utilization: Unknown Error
2026/02/19 (16:29:01) | WARNING: NVML: Failed to get GPU utilization: Unknown Error
2026/02/19 (16:29:07) | WARNING: NVML: Failed to get GPU utilization: Unknown Error
2026/02/19 (16:29:13) | WARNING: NVML: Failed to get GPU utilization: Unknown Error
2026/02/19 (16:29:19) | WARNING: NVML: Failed to get GPU utilization: Unknown Error
2026/02/19 (16:29:25) | WARNING: NVML: Failed to get GPU utilization: Unknown Error
2026/02/19 (16:29:31) | WARNING: NVML: Failed to get GPU utilization: Unknown Error
2026/02/19 (16:29:37) | WARNING: NVML: Failed to get GPU utilization: Unknown Error
2026/02/19 (16:29:43) | WARNING: NVML: Failed to get GPU utilization: Unknown Error
2026/02/19 (16:29:47) | WARNING: NVML: Failed to get GPU utilization: Unknown Error
2026/02/19 (16:29:49) | WARNING: NVML: Failed to get GPU utilization: Unknown Error
2026/02/19 (16:29:51) | WARNING: NVML: Failed to get GPU utilization: Unknown Error
2026/02/19 (16:29:55) | WARNING: NVML: Failed to get GPU utilization: Unknown Error
2026/02/19 (16:29:57) | WARNING: NVML: Failed to get GPU utilization: Unknown Error
2026/02/19 (16:30:01) | WARNING: NVML: Failed to get GPU utilization: Unknown Error
2026/02/19 (16:30:07) | WARNING: NVML: Failed to get GPU utilization: Unknown Error
2026/02/19 (16:30:13) | WARNING: NVML: Failed to get GPU utilization: Unknown Error
2026/02/19 (16:30:19) | WARNING: NVML: Failed to get GPU utilization: Unknown Error
2026/02/19 (16:30:21) | WARNING: NVML: Failed to get GPU utilization: Unknown Error
2026/02/19 (16:30:25) | WARNING: NVML: Failed to get GPU utilization: Unknown Error
2026/02/19 (16:30:27) | WARNING: NVML: Failed to get GPU utilization: Unknown Error
2026/02/19 (16:30:29) | WARNING: NVML: Failed to get GPU utilization: Unknown Error
2026/02/19 (16:30:31) | WARNING: NVML: Failed to get GPU utilization: Unknown Error
2026/02/19 (16:30:33) | WARNING: NVML: Failed to get GPU utilization: Unknown Error
2026/02/19 (16:30:35) | WARNING: NVML: Failed to get GPU utilization: Unknown Error
2026/02/19 (16:30:37) | WARNING: NVML: Failed to get GPU utilization: Unknown Error
2026/02/19 (16:30:41) | WARNING: NVML: Failed to get GPU utilization: Unknown Error
2026/02/19 (16:30:43) | WARNING: NVML: Failed to get GPU utilization: Unknown Error
2026/02/19 (16:30:49) | WARNING: NVML: Failed to get GPU utilization: Unknown Error
2026/02/19 (16:30:53) | WARNING: NVML: Failed to get GPU utilization: Unknown Error
2026/02/19 (16:30:55) | WARNING: NVML: Failed to get GPU utilization: Unknown Error
2026/02/19 (16:30:57) | WARNING: NVML: Failed to get GPU utilization: Unknown Error
2026/02/19 (16:30:59) | WARNING: NVML: Failed to get GPU utilization: Unknown Error
2026/02/19 (16:31:01) | WARNING: NVML: Failed to get GPU utilization: Unknown Error
2026/02/19 (16:31:03) | WARNING: NVML: Failed to get GPU utilization: Unknown Error
2026/02/19 (16:31:05) | WARNING: NVML: Failed to get GPU utilization: Unknown Error
2026/02/19 (16:31:07) | WARNING: NVML: Failed to get GPU utilization: Unknown Error
2026/02/19 (16:31:13) | WARNING: NVML: Failed to get GPU utilization: Unknown Error
2026/02/19 (16:31:19) | WARNING: NVML: Failed to get GPU utilization: Unknown Error
2026/02/19 (16:31:25) | WARNING: NVML: Failed to get GPU utilization: Unknown Error
2026/02/19 (16:31:27) | WARNING: NVML: Failed to get GPU utilization: Unknown Error
2026/02/19 (16:31:29) | WARNING: NVML: Failed to get GPU utilization: Unknown Error
2026/02/19 (16:31:31) | WARNING: NVML: Failed to get GPU utilization: Unknown Error
2026/02/19 (16:31:33) | WARNING: NVML: Failed to get GPU utilization: Unknown Error
2026/02/19 (16:31:35) | WARNING: NVML: Failed to get GPU utilization: Unknown Error
2026/02/19 (16:31:37) | WARNING: NVML: Failed to get GPU utilization: Unknown Error
2026/02/19 (16:31:41) | WARNING: NVML: Failed to get GPU utilization: Unknown Error
2026/02/19 (16:31:43) | WARNING: NVML: Failed to get GPU utilization: Unknown Error
2026/02/19 (16:31:45) | WARNING: NVML: Failed to get GPU utilization: Unknown Error
2026/02/19 (16:31:49) | WARNING: NVML: Failed to get GPU utilization: Unknown Error
2026/02/19 (16:31:55) | WARNING: NVML: Failed to get GPU utilization: Unknown Error
2026/02/19 (16:31:59) | WARNING: NVML: Failed to get GPU utilization: Unknown Error
2026/02/19 (16:32:01) | WARNING: NVML: Failed to get GPU utilization: Unknown Error
2026/02/19 (16:32:03) | WARNING: NVML: Failed to get GPU utilization: Unknown Error
2026/02/19 (16:32:05) | WARNING: NVML: Failed to get GPU utilization: Unknown Error
2026/02/19 (16:32:07) | WARNING: NVML: Failed to get GPU utilization: Unknown Error
2026/02/19 (16:32:13) | WARNING: NVML: Failed to get GPU utilization: Unknown Error
2026/02/19 (16:32:19) | WARNING: NVML: Failed to get GPU utilization: Unknown Error
2026/02/19 (16:32:25) | WARNING: NVML: Failed to get GPU utilization: Unknown Error
2026/02/19 (16:32:31) | WARNING: NVML: Failed to get GPU utilization: Unknown Error
2026/02/19 (16:32:33) | WARNING: NVML: Failed to get GPU utilization: Unknown Error
2026/02/19 (16:32:35) | WARNING: NVML: Failed to get GPU utilization: Unknown Error
2026/02/19 (16:32:37) | WARNING: NVML: Failed to get GPU utilization: Unknown Error
2026/02/19 (16:32:39) | WARNING: NVML: Failed to get GPU utilization: Unknown Error
2026/02/19 (16:32:43) | WARNING: NVML: Failed to get GPU utilization: Unknown Error
2026/02/19 (16:32:47) | WARNING: NVML: Failed to get GPU utilization: Unknown Error
2026/02/19 (16:32:49) | WARNING: NVML: Failed to get GPU utilization: Unknown Error
2026/02/19 (16:32:51) | WARNING: NVML: Failed to get GPU utilization: Unknown Error
2026/02/19 (16:32:53) | WARNING: NVML: Failed to get GPU utilization: Unknown Error
2026/02/19 (16:32:55) | WARNING: NVML: Failed to get GPU utilization: Unknown Error
2026/02/19 (16:32:59) | WARNING: NVML: Failed to get GPU utilization: Unknown Error
2026/02/19 (16:33:01) | WARNING: NVML: Failed to get GPU utilization: Unknown Error
2026/02/19 (16:33:03) | WARNING: NVML: Failed to get GPU utilization: Unknown Error
2026/02/19 (16:33:05) | WARNING: NVML: Failed to get GPU utilization: Unknown Error
2026/02/19 (16:33:07) | WARNING: NVML: Failed to get GPU utilization: Unknown Error
2026/02/19 (16:33:13) | WARNING: NVML: Failed to get GPU utilization: Unknown Error
2026/02/19 (16:33:17) | WARNING: NVML: Failed to get GPU utilization: Unknown Error
2026/02/19 (16:33:19) | WARNING: NVML: Failed to get GPU utilization: Unknown Error
2026/02/19 (16:33:21) | WARNING: NVML: Failed to get GPU utilization: Unknown Error
2026/02/19 (16:33:23) | WARNING: NVML: Failed to get GPU utilization: Unknown Error
2026/02/19 (16:33:26) | WARNING: NVML: Failed to get GPU utilization: Unknown Error
2026/02/19 (16:33:30) | WARNING: NVML: Failed to get GPU utilization: Unknown Error
2026/02/19 (16:33:32) | WARNING: NVML: Failed to get GPU utilization: Unknown Error
2026/02/19 (16:33:38) | WARNING: NVML: Failed to get GPU utilization: Unknown Error
2026/02/19 (16:33:40) | WARNING: NVML: Failed to get GPU utilization: Unknown Error
2026/02/19 (16:33:42) | WARNING: NVML: Failed to get GPU utilization: Unknown Error
2026/02/19 (16:33:44) | WARNING: NVML: Failed to get GPU utilization: Unknown Error
2026/02/19 (16:33:46) | WARNING: NVML: Failed to get GPU utilization: Unknown Error
2026/02/19 (16:33:48) | WARNING: NVML: Failed to get GPU utilization: Unknown Error
2026/02/19 (16:33:54) | WARNING: NVML: Failed to get GPU utilization: Unknown Error
2026/02/19 (16:34:00) | WARNING: NVML: Failed to get GPU utilization: Unknown Error
2026/02/19 (16:34:02) | WARNING: NVML: Failed to get GPU utilization: Unknown Error
2026/02/19 (16:34:04) | WARNING: NVML: Failed to get GPU utilization: Unknown Error
2026/02/19 (16:34:06) | WARNING: NVML: Failed to get GPU utilization: Unknown Error
2026/02/19 (16:34:18) | WARNING: NVML: Failed to get GPU utilization: Unknown Error
2026/02/19 (16:34:24) | WARNING: NVML: Failed to get GPU utilization: Unknown Error
2026/02/19 (16:34:30) | WARNING: NVML: Failed to get GPU utilization: Unknown Error
2026/02/19 (16:34:36) | WARNING: NVML: Failed to get GPU utilization: Unknown Error
2026/02/19 (16:34:42) | WARNING: NVML: Failed to get GPU utilization: Unknown Error
2026/02/19 (16:34:44) | WARNING: NVML: Failed to get GPU utilization: Unknown Error
2026/02/19 (16:34:46) | WARNING: NVML: Failed to get GPU utilization: Unknown Error
2026/02/19 (16:34:48) | WARNING: NVML: Failed to get GPU utilization: Unknown Error
2026/02/19 (16:34:54) | WARNING: NVML: Failed to get GPU utilization: Unknown Error
2026/02/19 (16:35:00) | WARNING: NVML: Failed to get GPU utilization: Unknown Error
2026/02/19 (16:35:02) | WARNING: NVML: Failed to get GPU utilization: Unknown Error
2026/02/19 (16:35:06) | WARNING: NVML: Failed to get GPU utilization: Unknown Error
2026/02/19 (16:35:08) | WARNING: NVML: Failed to get GPU utilization: Unknown Error
2026/02/19 (16:35:10) | WARNING: NVML: Failed to get GPU utilization: Unknown Error
2026/02/19 (16:35:12) | WARNING: NVML: Failed to get GPU utilization: Unknown Error
2026/02/19 (16:35:18) | WARNING: NVML: Failed to get GPU utilization: Unknown Error
2026/02/19 (16:35:20) | WARNING: NVML: Failed to get GPU utilization: Unknown Error
2026/02/19 (16:35:24) | WARNING: NVML: Failed to get GPU utilization: Unknown Error
2026/02/19 (16:35:26) | WARNING: NVML: Failed to get GPU utilization: Unknown Error
2026/02/19 (16:35:30) | WARNING: NVML: Failed to get GPU utilization: Unknown Error
2026/02/19 (16:35:32) | WARNING: NVML: Failed to get GPU utilization: Unknown Error
2026/02/19 (16:35:36) | WARNING: NVML: Failed to get GPU utilization: Unknown Error
2026/02/19 (16:35:38) | WARNING: NVML: Failed to get GPU utilization: Unknown Error
2026/02/19 (16:35:40) | WARNING: NVML: Failed to get GPU utilization: Unknown Error
2026/02/19 (16:35:42) | WARNING: NVML: Failed to get GPU utilization: Unknown Error
2026/02/19 (16:35:46) | WARNING: NVML: Failed to get GPU utilization: Unknown Error
2026/02/19 (16:35:48) | WARNING: NVML: Failed to get GPU utilization: Unknown Error
2026/02/19 (16:35:50) | WARNING: NVML: Failed to get GPU utilization: Unknown Error
2026/02/19 (16:35:52) | WARNING: NVML: Failed to get GPU utilization: Unknown Error
2026/02/19 (16:35:54) | WARNING: NVML: Failed to get GPU utilization: Unknown Error
2026/02/19 (16:36:00) | WARNING: NVML: Failed to get GPU utilization: Unknown Error
2026/02/19 (16:36:06) | WARNING: NVML: Failed to get GPU utilization: Unknown Error
2026/02/19 (16:36:12) | WARNING: NVML: Failed to get GPU utilization: Unknown Error
2026/02/19 (16:36:18) | WARNING: NVML: Failed to get GPU utilization: Unknown Error
2026/02/19 (16:36:24) | WARNING: NVML: Failed to get GPU utilization: Unknown Error
2026/02/19 (16:36:30) | WARNING: NVML: Failed to get GPU utilization: Unknown Error
2026/02/19 (16:36:36) | WARNING: NVML: Failed to get GPU utilization: Unknown Error
2026/02/19 (16:36:42) | WARNING: NVML: Failed to get GPU utilization: Unknown Error
2026/02/19 (16:36:48) | WARNING: NVML: Failed to get GPU utilization: Unknown Error
2026/02/19 (16:36:54) | WARNING: NVML: Failed to get GPU utilization: Unknown Error
2026/02/19 (16:37:00) | WARNING: NVML: Failed to get GPU utilization: Unknown Error
2026/02/19 (16:37:06) | WARNING: NVML: Failed to get GPU utilization: Unknown Error
2026/02/19 (16:37:12) | WARNING: NVML: Failed to get GPU utilization: Unknown Error
2026/02/19 (16:37:16) | INFO: Quitting! Runtime: 03:08:59

2026/02/19 (17:30:28) | ===> btop++ v.1.3.0
2026/02/19 (17:30:28) | INFO: Logger set to INFO
2026/02/19 (17:30:28) | INFO: Running on /dev/pts/7
2026/02/19 (17:30:28) | WARNING: NVML: Failed to get maximum GPU power draw, defaulting to 225W: Not Supported
2026/02/19 (17:30:28) | INFO: Failed to load librocm_smi64.so, AMD GPUs will not be detected: librocm_smi64.so.1.0: cannot open shared object file: No such file or directory
2026/02/19 (17:31:06) | WARNING: NVML: Failed to get GPU utilization: Unknown Error
2026/02/20 (08:54:18) | WARNING: NVML: Failed to get GPU utilization: Unknown Error
2026/02/20 (08:54:20) | WARNING: NVML: Failed to get GPU utilization: Unknown Error
2026/02/20 (08:54:22) | WARNING: NVML: Failed to get GPU utilization: Unknown Error
2026/02/20 (08:54:24) | WARNING: NVML: Failed to get GPU utilization: Unknown Error
2026/02/20 (08:54:26) | WARNING: NVML: Failed to get GPU utilization: Unknown Error
2026/02/20 (08:54:32) | WARNING: NVML: Failed to get GPU utilization: Unknown Error
2026/02/20 (08:54:34) | WARNING: NVML: Failed to get GPU utilization: Unknown Error
2026/02/20 (08:54:36) | WARNING: NVML: Failed to get GPU utilization: Unknown Error
2026/02/20 (08:54:38) | WARNING: NVML: Failed to get GPU utilization: Unknown Error
2026/02/20 (08:55:41) | WARNING: NVML: Failed to get GPU utilization: Unknown Error
2026/02/20 (08:55:47) | WARNING: NVML: Failed to get GPU utilization: Unknown Error
2026/02/20 (08:55:49) | WARNING: NVML: Failed to get GPU utilization: Unknown Error
2026/02/20 (08:55:51) | WARNING: NVML: Failed to get GPU utilization: Unknown Error
2026/02/20 (08:55:53) | WARNING: NVML: Failed to get GPU utilization: Unknown Error
2026/02/20 (08:55:55) | WARNING: NVML: Failed to get GPU utilization: Unknown Error
2026/02/20 (08:55:57) | WARNING: NVML: Failed to get GPU utilization: Unknown Error
2026/02/20 (08:55:59) | WARNING: NVML: Failed to get GPU utilization: Unknown Error
2026/02/20 (08:56:01) | WARNING: NVML: Failed to get GPU utilization: Unknown Error
2026/02/20 (08:56:03) | WARNING: NVML: Failed to get GPU utilization: Unknown Error
2026/02/20 (08:56:05) | WARNING: NVML: Failed to get GPU utilization: Unknown Error
2026/02/20 (08:56:11) | WARNING: NVML: Failed to get GPU utilization: Unknown Error
2026/02/20 (08:56:13) | WARNING: NVML: Failed to get GPU utilization: Unknown Error
2026/02/20 (08:56:15) | WARNING: NVML: Failed to get GPU utilization: Unknown Error
2026/02/20 (08:56:17) | WARNING: NVML: Failed to get GPU utilization: Unknown Error
2026/02/20 (08:56:19) | WARNING: NVML: Failed to get GPU utilization: Unknown Error
2026/02/20 (08:56:21) | WARNING: NVML: Failed to get GPU utilization: Unknown Error
2026/02/20 (08:56:23) | WARNING: NVML: Failed to get GPU utilization: Unknown Error
2026/02/20 (08:56:29) | WARNING: NVML: Failed to get GPU utilization: Unknown Error
2026/02/20 (08:56:31) | WARNING: NVML: Failed to get GPU utilization: Unknown Error
2026/02/20 (08:56:35) | WARNING: NVML: Failed to get GPU utilization: Unknown Error
2026/02/20 (08:56:37) | WARNING: NVML: Failed to get GPU utilization: Unknown Error
2026/02/20 (08:56:39) | WARNING: NVML: Failed to get GPU utilization: Unknown Error
2026/02/20 (08:56:41) | WARNING: NVML: Failed to get GPU utilization: Unknown Error
2026/02/20 (08:56:43) | WARNING: NVML: Failed to get GPU utilization: Unknown Error
2026/02/20 (08:56:45) | WARNING: NVML: Failed to get GPU utilization: Unknown Error
2026/02/20 (08:56:47) | WARNING: NVML: Failed to get GPU utilization: Unknown Error
2026/02/20 (08:56:49) | WARNING: NVML: Failed to get GPU utilization: Unknown Error
2026/02/20 (08:56:53) | WARNING: NVML: Failed to get GPU utilization: Unknown Error
2026/02/20 (08:56:59) | WARNING: NVML: Failed to get GPU utilization: Unknown Error
2026/02/20 (08:57:05) | WARNING: NVML: Failed to get GPU utilization: Unknown Error
2026/02/20 (08:57:11) | WARNING: NVML: Failed to get GPU utilization: Unknown Error
2026/02/20 (08:57:17) | WARNING: NVML: Failed to get GPU utilization: Unknown Error
2026/02/20 (08:57:23) | WARNING: NVML: Failed to get GPU utilization: Unknown Error
2026/02/20 (08:57:35) | WARNING: NVML: Failed to get GPU utilization: Unknown Error
2026/02/20 (09:02:18) | WARNING: NVML: Failed to get GPU utilization: Unknown Error
2026/02/20 (09:02:20) | WARNING: NVML: Failed to get GPU utilization: Unknown Error
2026/02/20 (09:02:22) | WARNING: NVML: Failed to get GPU utilization: Unknown Error
2026/02/20 (09:02:24) | WARNING: NVML: Failed to get GPU utilization: Unknown Error
2026/02/20 (09:02:26) | WARNING: NVML: Failed to get GPU utilization: Unknown Error
2026/02/20 (09:02:28) | WARNING: NVML: Failed to get GPU utilization: Unknown Error
2026/02/20 (09:02:30) | WARNING: NVML: Failed to get GPU utilization: Unknown Error
2026/02/20 (09:02:32) | WARNING: NVML: Failed to get GPU utilization: Unknown Error
2026/02/20 (09:02:34) | WARNING: NVML: Failed to get GPU utilization: Unknown Error
2026/02/20 (09:02:36) | WARNING: NVML: Failed to get GPU utilization: Unknown Error
2026/02/20 (09:02:38) | WARNING: NVML: Failed to get GPU utilization: Unknown Error
2026/02/20 (09:02:40) | WARNING: NVML: Failed to get GPU utilization: Unknown Error
2026/02/20 (09:02:46) | WARNING: NVML: Failed to get GPU utilization: Unknown Error
2026/02/20 (09:02:52) | WARNING: NVML: Failed to get GPU utilization: Unknown Error
2026/02/20 (09:02:58) | WARNING: NVML: Failed to get GPU utilization: Unknown Error
2026/02/20 (09:03:04) | WARNING: NVML: Failed to get GPU utilization: Unknown Error
2026/02/20 (09:03:10) | WARNING: NVML: Failed to get GPU utilization: Unknown Error
2026/02/20 (09:03:16) | WARNING: NVML: Failed to get GPU utilization: Unknown Error
2026/02/20 (09:57:37) | WARNING: NVML: Failed to get GPU utilization: Unknown Error
2026/02/20 (09:57:43) | WARNING: NVML: Failed to get GPU utilization: Unknown Error
2026/02/20 (09:57:49) | WARNING: NVML: Failed to get GPU utilization: Unknown Error
2026/02/20 (09:57:55) | WARNING: NVML: Failed to get GPU utilization: Unknown Error
2026/02/20 (09:58:01) | WARNING: NVML: Failed to get GPU utilization: Unknown Error
2026/02/20 (09:58:07) | WARNING: NVML: Failed to get GPU utilization: Unknown Error
2026/02/20 (09:58:13) | WARNING: NVML: Failed to get GPU utilization: Unknown Error
2026/02/20 (09:58:19) | WARNING: NVML: Failed to get GPU utilization: Unknown Error
2026/02/20 (09:58:25) | WARNING: NVML: Failed to get GPU utilization: Unknown Error
2026/02/20 (09:58:31) | WARNING: NVML: Failed to get GPU utilization: Unknown Error
2026/02/20 (09:58:37) | WARNING: NVML: Failed to get GPU utilization: Unknown Error
2026/02/20 (09:58:55) | WARNING: NVML: Failed to get GPU utilization: Unknown Error
2026/02/20 (09:59:53) | WARNING: NVML: Failed to get GPU utilization: Unknown Error
2026/02/20 (09:59:59) | WARNING: NVML: Failed to get GPU utilization: Unknown Error
2026/02/20 (10:00:05) | WARNING: NVML: Failed to get GPU utilization: Unknown Error
2026/02/20 (10:00:11) | WARNING: NVML: Failed to get GPU utilization: Unknown Error
2026/02/20 (10:00:17) | WARNING: NVML: Failed to get GPU utilization: Unknown Error
2026/02/20 (10:00:23) | WARNING: NVML: Failed to get GPU utilization: Unknown Error
2026/02/20 (10:00:29) | WARNING: NVML: Failed to get GPU utilization: Unknown Error
2026/02/20 (10:00:35) | WARNING: NVML: Failed to get GPU utilization: Unknown Error
2026/02/20 (10:00:41) | WARNING: NVML: Failed to get GPU utilization: Unknown Error
2026/02/20 (10:00:47) | WARNING: NVML: Failed to get GPU utilization: Unknown Error
2026/02/20 (10:00:53) | WARNING: NVML: Failed to get GPU utilization: Unknown Error
2026/02/20 (10:00:59) | WARNING: NVML: Failed to get GPU utilization: Unknown Error
2026/02/20 (10:01:05) | WARNING: NVML: Failed to get GPU utilization: Unknown Error
2026/02/20 (10:01:11) | WARNING: NVML: Failed to get GPU utilization: Unknown Error
2026/02/20 (10:01:17) | WARNING: NVML: Failed to get GPU utilization: Unknown Error
2026/02/20 (10:01:23) | WARNING: NVML: Failed to get GPU utilization: Unknown Error
2026/02/20 (10:01:29) | WARNING: NVML: Failed to get GPU utilization: Unknown Error
2026/02/20 (10:01:35) | WARNING: NVML: Failed to get GPU utilization: Unknown Error
2026/02/20 (10:01:41) | WARNING: NVML: Failed to get GPU utilization: Unknown Error
2026/02/20 (10:01:47) | WARNING: NVML: Failed to get GPU utilization: Unknown Error
2026/02/20 (10:01:53) | WARNING: NVML: Failed to get GPU utilization: Unknown Error
2026/02/20 (10:01:59) | WARNING: NVML: Failed to get GPU utilization: Unknown Error
2026/02/20 (10:02:05) | WARNING: NVML: Failed to get GPU utilization: Unknown Error
2026/02/20 (10:02:11) | WARNING: NVML: Failed to get GPU utilization: Unknown Error
2026/02/20 (10:02:17) | WARNING: NVML: Failed to get GPU utilization: Unknown Error
2026/02/20 (10:02:23) | WARNING: NVML: Failed to get GPU utilization: Unknown Error
2026/02/20 (10:02:29) | WARNING: NVML: Failed to get GPU utilization: Unknown Error
2026/02/20 (10:02:35) | WARNING: NVML: Failed to get GPU utilization: Unknown Error
2026/02/20 (10:02:41) | WARNING: NVML: Failed to get GPU utilization: Unknown Error
2026/02/20 (10:02:47) | WARNING: NVML: Failed to get GPU utilization: Unknown Error
2026/02/20 (10:02:53) | WARNING: NVML: Failed to get GPU utilization: Unknown Error
2026/02/20 (10:02:54) | WARNING: NVML: Failed to get GPU power usage: Not Supported
2026/02/20 (10:02:56) | WARNING: NVML: Failed to get GPU power usage: Not Supported
2026/02/20 (10:02:59) | WARNING: NVML: Failed to get GPU utilization: Unknown Error
2026/02/20 (10:03:00) | WARNING: NVML: Failed to get GPU power usage: Not Supported
2026/02/20 (10:03:02) | WARNING: NVML: Failed to get GPU power usage: Not Supported
2026/02/20 (10:03:05) | WARNING: NVML: Failed to get GPU utilization: Unknown Error
2026/02/20 (10:03:06) | WARNING: NVML: Failed to get GPU power usage: Not Supported
2026/02/20 (10:03:08) | WARNING: NVML: Failed to get GPU power usage: Not Supported
2026/02/20 (10:03:11) | WARNING: NVML: Failed to get GPU utilization: Unknown Error
2026/02/20 (10:03:12) | WARNING: NVML: Failed to get GPU power usage: Not Supported
2026/02/20 (10:03:17) | WARNING: NVML: Failed to get GPU utilization: Unknown Error
2026/02/20 (10:03:18) | WARNING: NVML: Failed to get GPU power usage: Not Supported
2026/02/20 (10:03:20) | WARNING: NVML: Failed to get GPU power usage: Not Supported
2026/02/20 (10:03:23) | WARNING: NVML: Failed to get GPU utilization: Unknown Error
2026/02/20 (10:03:24) | WARNING: NVML: Failed to get GPU power usage: Not Supported
2026/02/20 (10:03:26) | WARNING: NVML: Failed to get GPU power usage: Not Supported
2026/02/20 (10:03:29) | WARNING: NVML: Failed to get GPU utilization: Unknown Error
2026/02/20 (10:03:30) | WARNING: NVML: Failed to get GPU power usage: Not Supported
2026/02/20 (10:03:32) | WARNING: NVML: Failed to get GPU power usage: Not Supported
2026/02/20 (10:03:35) | WARNING: NVML: Failed to get GPU utilization: Unknown Error
2026/02/20 (10:03:38) | WARNING: NVML: Failed to get GPU power usage: Not Supported
2026/02/20 (10:03:41) | WARNING: NVML: Failed to get GPU utilization: Unknown Error
2026/02/20 (10:03:42) | WARNING: NVML: Failed to get GPU power usage: Not Supported
2026/02/20 (10:03:44) | WARNING: NVML: Failed to get GPU power usage: Not Supported
2026/02/20 (10:03:47) | WARNING: NVML: Failed to get GPU utilization: Unknown Error
2026/02/20 (10:03:50) | WARNING: NVML: Failed to get GPU power usage: Not Supported
2026/02/20 (10:03:53) | WARNING: NVML: Failed to get GPU utilization: Unknown Error
2026/02/20 (10:03:54) | WARNING: NVML: Failed to get GPU power usage: Not Supported
2026/02/20 (10:03:56) | WARNING: NVML: Failed to get GPU power usage: Not Supported
2026/02/20 (10:03:59) | WARNING: NVML: Failed to get GPU utilization: Unknown Error
2026/02/20 (10:04:00) | WARNING: NVML: Failed to get GPU power usage: Not Supported
2026/02/20 (10:04:02) | WARNING: NVML: Failed to get GPU power usage: Not Supported
2026/02/20 (10:04:05) | WARNING: NVML: Failed to get GPU utilization: Unknown Error
2026/02/20 (10:04:06) | WARNING: NVML: Failed to get GPU power usage: Not Supported
2026/02/20 (10:04:08) | WARNING: NVML: Failed to get GPU power usage: Not Supported
2026/02/20 (10:04:11) | WARNING: NVML: Failed to get GPU utilization: Unknown Error
2026/02/20 (10:04:12) | WARNING: NVML: Failed to get GPU power usage: Not Supported
2026/02/20 (10:04:14) | WARNING: NVML: Failed to get GPU power usage: Not Supported
2026/02/20 (10:04:17) | WARNING: NVML: Failed to get GPU utilization: Unknown Error
2026/02/20 (10:04:18) | WARNING: NVML: Failed to get GPU power usage: Not Supported
2026/02/20 (10:04:20) | WARNING: NVML: Failed to get GPU power usage: Not Supported
2026/02/20 (10:04:23) | WARNING: NVML: Failed to get GPU utilization: Unknown Error
2026/02/20 (10:04:26) | WARNING: NVML: Failed to get GPU power usage: Not Supported
2026/02/20 (10:04:29) | WARNING: NVML: Failed to get GPU utilization: Unknown Error
2026/02/20 (10:04:30) | WARNING: NVML: Failed to get GPU power usage: Not Supported
2026/02/20 (10:04:32) | WARNING: NVML: Failed to get GPU power usage: Not Supported
2026/02/20 (10:04:35) | WARNING: NVML: Failed to get GPU utilization: Unknown Error
2026/02/20 (10:04:38) | WARNING: NVML: Failed to get GPU power usage: Not Supported
2026/02/20 (10:04:41) | WARNING: NVML: Failed to get GPU utilization: Unknown Error
2026/02/20 (10:04:42) | WARNING: NVML: Failed to get GPU power usage: Not Supported
2026/02/20 (10:04:44) | WARNING: NVML: Failed to get GPU power usage: Not Supported
2026/02/20 (10:04:47) | WARNING: NVML: Failed to get GPU utilization: Unknown Error
2026/02/20 (10:04:48) | WARNING: NVML: Failed to get GPU power usage: Not Supported
2026/02/20 (10:04:50) | WARNING: NVML: Failed to get GPU power usage: Not Supported
2026/02/20 (10:04:53) | WARNING: NVML: Failed to get GPU utilization: Unknown Error
2026/02/20 (10:04:54) | WARNING: NVML: Failed to get GPU power usage: Not Supported
2026/02/20 (10:04:56) | WARNING: NVML: Failed to get GPU power usage: Not Supported
2026/02/20 (10:04:59) | WARNING: NVML: Failed to get GPU utilization: Unknown Error
2026/02/20 (10:05:00) | WARNING: NVML: Failed to get GPU power usage: Not Supported
2026/02/20 (10:05:02) | WARNING: NVML: Failed to get GPU power usage: Not Supported
2026/02/20 (10:05:05) | WARNING: NVML: Failed to get GPU utilization: Unknown Error
2026/02/20 (10:05:08) | WARNING: NVML: Failed to get GPU power usage: Not Supported
2026/02/20 (10:05:11) | WARNING: NVML: Failed to get GPU utilization: Unknown Error
2026/02/20 (10:05:12) | WARNING: NVML: Failed to get GPU power usage: Not Supported
2026/02/20 (10:05:14) | WARNING: NVML: Failed to get GPU power usage: Not Supported
2026/02/20 (10:05:17) | WARNING: NVML: Failed to get GPU utilization: Unknown Error
2026/02/20 (10:05:20) | WARNING: NVML: Failed to get GPU power usage: Not Supported
2026/02/20 (10:05:23) | WARNING: NVML: Failed to get GPU utilization: Unknown Error
2026/02/20 (10:05:24) | WARNING: NVML: Failed to get GPU power usage: Not Supported
2026/02/20 (10:05:29) | WARNING: NVML: Failed to get GPU utilization: Unknown Error
2026/02/20 (10:05:30) | WARNING: NVML: Failed to get GPU power usage: Not Supported
2026/02/20 (10:05:32) | WARNING: NVML: Failed to get GPU power usage: Not Supported
2026/02/20 (10:05:35) | WARNING: NVML: Failed to get GPU utilization: Unknown Error
2026/02/20 (10:05:36) | WARNING: NVML: Failed to get GPU power usage: Not Supported
2026/02/20 (10:05:38) | WARNING: NVML: Failed to get GPU power usage: Not Supported
2026/02/20 (10:05:41) | WARNING: NVML: Failed to get GPU utilization: Unknown Error
2026/02/20 (10:05:42) | WARNING: NVML: Failed to get GPU power usage: Not Supported
2026/02/20 (10:05:44) | WARNING: NVML: Failed to get GPU power usage: Not Supported
2026/02/20 (10:05:47) | WARNING: NVML: Failed to get GPU utilization: Unknown Error
2026/02/20 (10:05:50) | WARNING: NVML: Failed to get GPU power usage: Not Supported
2026/02/20 (10:05:53) | WARNING: NVML: Failed to get GPU utilization: Unknown Error
2026/02/20 (10:05:54) | WARNING: NVML: Failed to get GPU power usage: Not Supported
2026/02/20 (10:05:56) | WARNING: NVML: Failed to get GPU power usage: Not Supported
2026/02/20 (10:05:59) | WARNING: NVML: Failed to get GPU utilization: Unknown Error
2026/02/20 (10:06:00) | WARNING: NVML: Failed to get GPU power usage: Not Supported
2026/02/20 (10:06:02) | WARNING: NVML: Failed to get GPU power usage: Not Supported
2026/02/20 (10:06:05) | WARNING: NVML: Failed to get GPU utilization: Unknown Error
2026/02/20 (10:06:06) | WARNING: NVML: Failed to get GPU power usage: Not Supported
2026/02/20 (10:06:08) | WARNING: NVML: Failed to get GPU power usage: Not Supported
2026/02/20 (10:06:11) | WARNING: NVML: Failed to get GPU utilization: Unknown Error
2026/02/20 (10:06:12) | WARNING: NVML: Failed to get GPU power usage: Not Supported
2026/02/20 (10:06:17) | WARNING: NVML: Failed to get GPU utilization: Unknown Error
2026/02/20 (10:06:18) | WARNING: NVML: Failed to get GPU power usage: Not Supported
2026/02/20 (10:06:20) | WARNING: NVML: Failed to get GPU power usage: Not Supported
2026/02/20 (10:06:23) | WARNING: NVML: Failed to get GPU utilization: Unknown Error
2026/02/20 (10:06:24) | WARNING: NVML: Failed to get GPU power usage: Not Supported
2026/02/20 (10:06:29) | WARNING: NVML: Failed to get GPU utilization: Unknown Error
2026/02/20 (10:06:30) | WARNING: NVML: Failed to get GPU power usage: Not Supported
2026/02/20 (10:06:32) | WARNING: NVML: Failed to get GPU power usage: Not Supported
2026/02/20 (10:06:35) | WARNING: NVML: Failed to get GPU utilization: Unknown Error
2026/02/20 (10:06:36) | WARNING: NVML: Failed to get GPU power usage: Not Supported
2026/02/20 (10:06:38) | WARNING: NVML: Failed to get GPU power usage: Not Supported
2026/02/20 (10:06:42) | WARNING: NVML: Failed to get GPU power usage: Not Supported
2026/02/20 (10:06:44) | WARNING: NVML: Failed to get GPU power usage: Not Supported
2026/02/20 (10:06:48) | WARNING: NVML: Failed to get GPU power usage: Not Supported
2026/02/20 (10:06:50) | WARNING: NVML: Failed to get GPU power usage: Not Supported
2026/02/20 (10:06:54) | WARNING: NVML: Failed to get GPU power usage: Not Supported
2026/02/20 (10:06:56) | WARNING: NVML: Failed to get GPU power usage: Not Supported
2026/02/20 (10:07:00) | WARNING: NVML: Failed to get GPU power usage: Not Supported
2026/02/20 (10:07:02) | WARNING: NVML: Failed to get GPU power usage: Not Supported
2026/02/20 (10:07:06) | WARNING: NVML: Failed to get GPU power usage: Not Supported
2026/02/20 (10:07:08) | WARNING: NVML: Failed to get GPU power usage: Not Supported
2026/02/20 (10:07:12) | WARNING: NVML: Failed to get GPU power usage: Not Supported
2026/02/20 (10:07:14) | WARNING: NVML: Failed to get GPU power usage: Not Supported
2026/02/20 (10:07:18) | WARNING: NVML: Failed to get GPU power usage: Not Supported
2026/02/20 (10:07:20) | WARNING: NVML: Failed to get GPU power usage: Not Supported
2026/02/20 (10:07:24) | WARNING: NVML: Failed to get GPU power usage: Not Supported
2026/02/20 (10:07:26) | WARNING: NVML: Failed to get GPU power usage: Not Supported
2026/02/20 (10:07:30) | WARNING: NVML: Failed to get GPU power usage: Not Supported
2026/02/20 (10:07:32) | WARNING: NVML: Failed to get GPU power usage: Not Supported
2026/02/20 (10:07:36) | WARNING: NVML: Failed to get GPU power usage: Not Supported
2026/02/20 (10:07:38) | WARNING: NVML: Failed to get GPU power usage: Not Supported
2026/02/20 (10:07:42) | WARNING: NVML: Failed to get GPU power usage: Not Supported
2026/02/20 (10:07:46) | WARNING: NVML: Failed to get GPU utilization: Unknown Error
2026/02/20 (10:07:46) | WARNING: NVML: Failed to get GPU power usage: Not Supported
2026/02/20 (10:07:48) | WARNING: NVML: Failed to get GPU power usage: Not Supported
2026/02/20 (10:07:50) | WARNING: NVML: Failed to get GPU power usage: Not Supported
2026/02/20 (10:07:52) | WARNING: NVML: Failed to get GPU utilization: Unknown Error
2026/02/20 (10:07:54) | WARNING: NVML: Failed to get GPU power usage: Not Supported
2026/02/20 (10:07:56) | WARNING: NVML: Failed to get GPU power usage: Not Supported
2026/02/20 (10:07:58) | WARNING: NVML: Failed to get GPU utilization: Unknown Error
2026/02/20 (10:07:58) | WARNING: NVML: Failed to get GPU power usage: Not Supported
2026/02/20 (10:08:00) | WARNING: NVML: Failed to get GPU power usage: Not Supported
2026/02/20 (10:08:02) | WARNING: NVML: Failed to get GPU power usage: Not Supported
2026/02/20 (10:08:08) | WARNING: NVML: Failed to get GPU power usage: Not Supported
2026/02/20 (10:08:10) | WARNING: NVML: Failed to get GPU utilization: Unknown Error
2026/02/20 (10:08:10) | WARNING: NVML: Failed to get GPU power usage: Not Supported
2026/02/20 (10:08:12) | WARNING: NVML: Failed to get GPU power usage: Not Supported
2026/02/20 (10:08:16) | WARNING: NVML: Failed to get GPU utilization: Unknown Error
2026/02/20 (10:08:18) | WARNING: NVML: Failed to get GPU power usage: Not Supported
2026/02/20 (10:08:22) | WARNING: NVML: Failed to get GPU utilization: Unknown Error
2026/02/20 (10:08:22) | WARNING: NVML: Failed to get GPU power usage: Not Supported
2026/02/20 (10:08:24) | WARNING: NVML: Failed to get GPU power usage: Not Supported
2026/02/20 (10:08:28) | WARNING: NVML: Failed to get GPU utilization: Unknown Error
2026/02/20 (10:08:28) | WARNING: NVML: Failed to get GPU power usage: Not Supported
2026/02/20 (10:08:30) | WARNING: NVML: Failed to get GPU power usage: Not Supported
2026/02/20 (10:08:34) | WARNING: NVML: Failed to get GPU utilization: Unknown Error
2026/02/20 (10:08:34) | WARNING: NVML: Failed to get GPU power usage: Not Supported
2026/02/20 (10:08:36) | WARNING: NVML: Failed to get GPU power usage: Not Supported
2026/02/20 (10:08:40) | WARNING: NVML: Failed to get GPU utilization: Unknown Error
2026/02/20 (10:08:40) | WARNING: NVML: Failed to get GPU power usage: Not Supported
2026/02/20 (10:08:42) | WARNING: NVML: Failed to get GPU power usage: Not Supported
2026/02/20 (10:08:46) | WARNING: NVML: Failed to get GPU utilization: Unknown Error
2026/02/20 (10:08:47) | WARNING: NVML: Failed to get GPU power usage: Not Supported
2026/02/20 (10:08:48) | WARNING: NVML: Failed to get GPU power usage: Not Supported
2026/02/20 (10:08:52) | WARNING: NVML: Failed to get GPU utilization: Unknown Error
2026/02/20 (10:08:52) | WARNING: NVML: Failed to get GPU power usage: Not Supported
2026/02/20 (10:08:54) | WARNING: NVML: Failed to get GPU power usage: Not Supported
2026/02/20 (10:08:58) | WARNING: NVML: Failed to get GPU utilization: Unknown Error
2026/02/20 (10:09:00) | WARNING: NVML: Failed to get GPU power usage: Not Supported
2026/02/20 (10:09:04) | WARNING: NVML: Failed to get GPU utilization: Unknown Error
2026/02/20 (10:09:04) | WARNING: NVML: Failed to get GPU power usage: Not Supported
2026/02/20 (10:09:06) | WARNING: NVML: Failed to get GPU power usage: Not Supported
2026/02/20 (10:09:10) | WARNING: NVML: Failed to get GPU utilization: Unknown Error
2026/02/20 (10:09:11) | WARNING: NVML: Failed to get GPU power usage: Not Supported
2026/02/20 (10:09:12) | WARNING: NVML: Failed to get GPU power usage: Not Supported
2026/02/20 (10:09:16) | WARNING: NVML: Failed to get GPU utilization: Unknown Error
2026/02/20 (10:09:17) | WARNING: NVML: Failed to get GPU power usage: Not Supported
2026/02/20 (10:09:18) | WARNING: NVML: Failed to get GPU power usage: Not Supported
2026/02/20 (10:09:22) | WARNING: NVML: Failed to get GPU utilization: Unknown Error
2026/02/20 (10:09:23) | WARNING: NVML: Failed to get GPU power usage: Not Supported
2026/02/20 (10:09:24) | WARNING: NVML: Failed to get GPU power usage: Not Supported
2026/02/20 (10:09:28) | WARNING: NVML: Failed to get GPU utilization: Unknown Error
2026/02/20 (10:09:29) | WARNING: NVML: Failed to get GPU power usage: Not Supported
2026/02/20 (10:09:30) | WARNING: NVML: Failed to get GPU power usage: Not Supported
2026/02/20 (10:09:34) | WARNING: NVML: Failed to get GPU utilization: Unknown Error
2026/02/20 (10:09:36) | WARNING: NVML: Failed to get GPU power usage: Not Supported
2026/02/20 (10:09:40) | WARNING: NVML: Failed to get GPU utilization: Unknown Error
2026/02/20 (10:09:40) | WARNING: NVML: Failed to get GPU power usage: Not Supported
2026/02/20 (10:09:42) | WARNING: NVML: Failed to get GPU power usage: Not Supported
2026/02/20 (10:09:46) | WARNING: NVML: Failed to get GPU utilization: Unknown Error
2026/02/20 (10:09:47) | WARNING: NVML: Failed to get GPU power usage: Not Supported
2026/02/20 (10:09:48) | WARNING: NVML: Failed to get GPU power usage: Not Supported
2026/02/20 (10:09:52) | WARNING: NVML: Failed to get GPU utilization: Unknown Error
2026/02/20 (10:09:53) | WARNING: NVML: Failed to get GPU power usage: Not Supported
2026/02/20 (10:09:54) | WARNING: NVML: Failed to get GPU power usage: Not Supported
2026/02/20 (10:09:58) | WARNING: NVML: Failed to get GPU utilization: Unknown Error
2026/02/20 (10:09:59) | WARNING: NVML: Failed to get GPU power usage: Not Supported
2026/02/20 (10:10:06) | WARNING: NVML: Failed to get GPU utilization: Unknown Error
2026/02/20 (10:10:06) | WARNING: NVML: Failed to get GPU power usage: Not Supported
2026/02/20 (10:10:10) | WARNING: NVML: Failed to get GPU utilization: Unknown Error
2026/02/20 (10:10:11) | WARNING: NVML: Failed to get GPU power usage: Not Supported
2026/02/20 (10:10:12) | WARNING: NVML: Failed to get GPU power usage: Not Supported
2026/02/20 (10:10:16) | WARNING: NVML: Failed to get GPU utilization: Unknown Error
2026/02/20 (10:10:17) | WARNING: NVML: Failed to get GPU power usage: Not Supported
2026/02/20 (10:10:18) | WARNING: NVML: Failed to get GPU power usage: Not Supported
2026/02/20 (10:10:22) | WARNING: NVML: Failed to get GPU utilization: Unknown Error
2026/02/20 (10:10:23) | WARNING: NVML: Failed to get GPU power usage: Not Supported
2026/02/20 (10:10:24) | WARNING: NVML: Failed to get GPU power usage: Not Supported
2026/02/20 (10:10:28) | WARNING: NVML: Failed to get GPU utilization: Unknown Error
2026/02/20 (10:10:30) | WARNING: NVML: Failed to get GPU power usage: Not Supported
2026/02/20 (10:10:34) | WARNING: NVML: Failed to get GPU utilization: Unknown Error
2026/02/20 (10:10:35) | WARNING: NVML: Failed to get GPU power usage: Not Supported
2026/02/20 (10:10:36) | WARNING: NVML: Failed to get GPU power usage: Not Supported
2026/02/20 (10:10:40) | WARNING: NVML: Failed to get GPU utilization: Unknown Error
2026/02/20 (10:10:42) | WARNING: NVML: Failed to get GPU power usage: Not Supported
2026/02/20 (10:10:46) | WARNING: NVML: Failed to get GPU utilization: Unknown Error
2026/02/20 (10:10:47) | WARNING: NVML: Failed to get GPU power usage: Not Supported
2026/02/20 (10:10:48) | WARNING: NVML: Failed to get GPU power usage: Not Supported
2026/02/20 (10:10:52) | WARNING: NVML: Failed to get GPU utilization: Unknown Error
2026/02/20 (10:10:53) | WARNING: NVML: Failed to get GPU power usage: Not Supported
2026/02/20 (10:10:54) | WARNING: NVML: Failed to get GPU power usage: Not Supported
2026/02/20 (10:10:58) | WARNING: NVML: Failed to get GPU utilization: Unknown Error
2026/02/20 (10:10:59) | WARNING: NVML: Failed to get GPU power usage: Not Supported
2026/02/20 (10:11:04) | WARNING: NVML: Failed to get GPU utilization: Unknown Error
2026/02/20 (10:11:05) | WARNING: NVML: Failed to get GPU power usage: Not Supported
2026/02/20 (10:11:06) | WARNING: NVML: Failed to get GPU power usage: Not Supported
2026/02/20 (10:11:10) | WARNING: NVML: Failed to get GPU utilization: Unknown Error
2026/02/20 (10:11:12) | WARNING: NVML: Failed to get GPU power usage: Not Supported
2026/02/20 (10:11:16) | WARNING: NVML: Failed to get GPU utilization: Unknown Error
2026/02/20 (10:11:18) | WARNING: NVML: Failed to get GPU power usage: Not Supported
2026/02/20 (10:11:22) | WARNING: NVML: Failed to get GPU utilization: Unknown Error
2026/02/20 (10:11:23) | WARNING: NVML: Failed to get GPU power usage: Not Supported
2026/02/20 (10:11:24) | WARNING: NVML: Failed to get GPU power usage: Not Supported
2026/02/20 (10:11:28) | WARNING: NVML: Failed to get GPU utilization: Unknown Error
2026/02/20 (10:11:29) | WARNING: NVML: Failed to get GPU power usage: Not Supported
2026/02/20 (10:11:34) | WARNING: NVML: Failed to get GPU utilization: Unknown Error
2026/02/20 (10:11:35) | WARNING: NVML: Failed to get GPU power usage: Not Supported
2026/02/20 (10:11:40) | WARNING: NVML: Failed to get GPU utilization: Unknown Error
2026/02/20 (10:11:40) | WARNING: NVML: Failed to get GPU power usage: Not Supported
2026/02/20 (10:11:42) | WARNING: NVML: Failed to get GPU power usage: Not Supported
2026/02/20 (10:11:46) | WARNING: NVML: Failed to get GPU utilization: Unknown Error
2026/02/20 (10:11:47) | WARNING: NVML: Failed to get GPU power usage: Not Supported
2026/02/20 (10:11:48) | WARNING: NVML: Failed to get GPU power usage: Not Supported
2026/02/20 (10:11:52) | WARNING: NVML: Failed to get GPU utilization: Unknown Error
2026/02/20 (10:11:53) | WARNING: NVML: Failed to get GPU power usage: Not Supported
2026/02/20 (10:11:54) | WARNING: NVML: Failed to get GPU power usage: Not Supported
2026/02/20 (10:11:58) | WARNING: NVML: Failed to get GPU utilization: Unknown Error
2026/02/20 (10:11:59) | WARNING: NVML: Failed to get GPU power usage: Not Supported
2026/02/20 (10:12:00) | WARNING: NVML: Failed to get GPU power usage: Not Supported
2026/02/20 (10:12:04) | WARNING: NVML: Failed to get GPU utilization: Unknown Error
2026/02/20 (10:12:05) | WARNING: NVML: Failed to get GPU power usage: Not Supported
2026/02/20 (10:12:06) | WARNING: NVML: Failed to get GPU power usage: Not Supported
2026/02/20 (10:12:10) | WARNING: NVML: Failed to get GPU utilization: Unknown Error
2026/02/20 (10:12:11) | WARNING: NVML: Failed to get GPU power usage: Not Supported
2026/02/20 (10:12:12) | WARNING: NVML: Failed to get GPU power usage: Not Supported
2026/02/20 (10:12:16) | WARNING: NVML: Failed to get GPU utilization: Unknown Error
2026/02/20 (10:12:17) | WARNING: NVML: Failed to get GPU power usage: Not Supported
2026/02/20 (10:12:18) | WARNING: NVML: Failed to get GPU power usage: Not Supported
2026/02/20 (10:12:22) | WARNING: NVML: Failed to get GPU utilization: Unknown Error
2026/02/20 (10:12:23) | WARNING: NVML: Failed to get GPU power usage: Not Supported
2026/02/20 (10:12:28) | WARNING: NVML: Failed to get GPU utilization: Unknown Error
2026/02/20 (10:12:29) | WARNING: NVML: Failed to get GPU power usage: Not Supported
2026/02/20 (10:12:30) | WARNING: NVML: Failed to get GPU power usage: Not Supported
2026/02/20 (10:12:34) | WARNING: NVML: Failed to get GPU utilization: Unknown Error
2026/02/20 (10:12:35) | WARNING: NVML: Failed to get GPU power usage: Not Supported
2026/02/20 (10:12:36) | WARNING: NVML: Failed to get GPU power usage: Not Supported
2026/02/20 (10:12:40) | WARNING: NVML: Failed to get GPU utilization: Unknown Error
2026/02/20 (10:12:41) | WARNING: NVML: Failed to get GPU power usage: Not Supported
2026/02/20 (10:12:42) | WARNING: NVML: Failed to get GPU power usage: Not Supported
2026/02/20 (10:12:46) | WARNING: NVML: Failed to get GPU utilization: Unknown Error
2026/02/20 (10:12:48) | WARNING: NVML: Failed to get GPU power usage: Not Supported
2026/02/20 (10:12:52) | WARNING: NVML: Failed to get GPU utilization: Unknown Error
2026/02/20 (10:12:53) | WARNING: NVML: Failed to get GPU power usage: Not Supported
2026/02/20 (10:12:54) | WARNING: NVML: Failed to get GPU power usage: Not Supported
2026/02/20 (10:12:58) | WARNING: NVML: Failed to get GPU utilization: Unknown Error
2026/02/20 (10:13:00) | WARNING: NVML: Failed to get GPU power usage: Not Supported
2026/02/20 (10:13:04) | WARNING: NVML: Failed to get GPU utilization: Unknown Error
2026/02/20 (10:13:06) | WARNING: NVML: Failed to get GPU power usage: Not Supported
2026/02/20 (10:13:10) | WARNING: NVML: Failed to get GPU utilization: Unknown Error
2026/02/20 (10:13:11) | WARNING: NVML: Failed to get GPU power usage: Not Supported
2026/02/20 (10:13:12) | WARNING: NVML: Failed to get GPU power usage: Not Supported
2026/02/20 (10:13:16) | WARNING: NVML: Failed to get GPU utilization: Unknown Error
2026/02/20 (10:13:17) | WARNING: NVML: Failed to get GPU power usage: Not Supported
2026/02/20 (10:13:22) | WARNING: NVML: Failed to get GPU utilization: Unknown Error
2026/02/20 (10:13:23) | WARNING: NVML: Failed to get GPU power usage: Not Supported
2026/02/20 (10:13:24) | WARNING: NVML: Failed to get GPU power usage: Not Supported
2026/02/20 (10:13:28) | WARNING: NVML: Failed to get GPU utilization: Unknown Error
2026/02/20 (10:13:29) | WARNING: NVML: Failed to get GPU power usage: Not Supported
2026/02/20 (10:13:30) | WARNING: NVML: Failed to get GPU power usage: Not Supported
2026/02/20 (10:13:34) | WARNING: NVML: Failed to get GPU utilization: Unknown Error
2026/02/20 (10:13:36) | WARNING: NVML: Failed to get GPU power usage: Not Supported
2026/02/20 (10:13:40) | WARNING: NVML: Failed to get GPU utilization: Unknown Error
2026/02/20 (10:13:41) | WARNING: NVML: Failed to get GPU power usage: Not Supported
2026/02/20 (10:13:42) | WARNING: NVML: Failed to get GPU power usage: Not Supported
2026/02/20 (10:13:46) | WARNING: NVML: Failed to get GPU utilization: Unknown Error
2026/02/20 (10:13:47) | WARNING: NVML: Failed to get GPU power usage: Not Supported
2026/02/20 (10:13:48) | WARNING: NVML: Failed to get GPU power usage: Not Supported
2026/02/20 (10:13:52) | WARNING: NVML: Failed to get GPU utilization: Unknown Error
2026/02/20 (10:13:53) | WARNING: NVML: Failed to get GPU power usage: Not Supported
2026/02/20 (10:13:54) | WARNING: NVML: Failed to get GPU power usage: Not Supported
2026/02/20 (10:13:58) | WARNING: NVML: Failed to get GPU utilization: Unknown Error
2026/02/20 (10:13:59) | WARNING: NVML: Failed to get GPU power usage: Not Supported
2026/02/20 (10:14:00) | WARNING: NVML: Failed to get GPU power usage: Not Supported
2026/02/20 (10:14:04) | WARNING: NVML: Failed to get GPU utilization: Unknown Error
2026/02/20 (10:14:05) | WARNING: NVML: Failed to get GPU power usage: Not Supported
2026/02/20 (10:14:06) | WARNING: NVML: Failed to get GPU power usage: Not Supported
2026/02/20 (10:14:10) | WARNING: NVML: Failed to get GPU utilization: Unknown Error
2026/02/20 (10:14:11) | WARNING: NVML: Failed to get GPU power usage: Not Supported
2026/02/20 (10:14:12) | WARNING: NVML: Failed to get GPU power usage: Not Supported
2026/02/20 (10:14:16) | WARNING: NVML: Failed to get GPU utilization: Unknown Error
2026/02/20 (10:14:17) | WARNING: NVML: Failed to get GPU power usage: Not Supported
2026/02/20 (10:14:18) | WARNING: NVML: Failed to get GPU power usage: Not Supported
2026/02/20 (10:14:22) | WARNING: NVML: Failed to get GPU utilization: Unknown Error
2026/02/20 (10:14:28) | WARNING: NVML: Failed to get GPU utilization: Unknown Error
2026/02/20 (10:14:34) | WARNING: NVML: Failed to get GPU utilization: Unknown Error
2026/02/20 (10:14:35) | WARNING: NVML: Failed to get GPU power usage: Not Supported
2026/02/20 (10:14:36) | WARNING: NVML: Failed to get GPU power usage: Not Supported
2026/02/20 (10:14:40) | WARNING: NVML: Failed to get GPU utilization: Unknown Error
2026/02/20 (10:14:42) | WARNING: NVML: Failed to get GPU power usage: Not Supported
2026/02/20 (10:14:46) | WARNING: NVML: Failed to get GPU utilization: Unknown Error
2026/02/20 (10:14:47) | WARNING: NVML: Failed to get GPU power usage: Not Supported
2026/02/20 (10:14:48) | WARNING: NVML: Failed to get GPU power usage: Not Supported
2026/02/20 (10:14:52) | WARNING: NVML: Failed to get GPU utilization: Unknown Error
2026/02/20 (10:14:53) | WARNING: NVML: Failed to get GPU power usage: Not Supported
2026/02/20 (10:14:54) | WARNING: NVML: Failed to get GPU power usage: Not Supported
2026/02/20 (10:14:58) | WARNING: NVML: Failed to get GPU utilization: Unknown Error
2026/02/20 (10:14:59) | WARNING: NVML: Failed to get GPU power usage: Not Supported
2026/02/20 (10:15:04) | WARNING: NVML: Failed to get GPU utilization: Unknown Error
2026/02/20 (10:15:06) | WARNING: NVML: Failed to get GPU power usage: Not Supported
2026/02/20 (10:15:10) | WARNING: NVML: Failed to get GPU utilization: Unknown Error
2026/02/20 (10:15:11) | WARNING: NVML: Failed to get GPU power usage: Not Supported
2026/02/20 (10:15:12) | WARNING: NVML: Failed to get GPU power usage: Not Supported
2026/02/20 (10:15:16) | WARNING: NVML: Failed to get GPU utilization: Unknown Error
2026/02/20 (10:15:17) | WARNING: NVML: Failed to get GPU power usage: Not Supported
2026/02/20 (10:15:18) | WARNING: NVML: Failed to get GPU power usage: Not Supported
2026/02/20 (10:15:23) | WARNING: NVML: Failed to get GPU power usage: Not Supported
2026/02/20 (10:15:24) | WARNING: NVML: Failed to get GPU power usage: Not Supported
2026/02/20 (10:15:29) | WARNING: NVML: Failed to get GPU power usage: Not Supported
2026/02/20 (10:15:34) | WARNING: NVML: Failed to get GPU utilization: Unknown Error
2026/02/20 (10:15:35) | WARNING: NVML: Failed to get GPU power usage: Not Supported
2026/02/20 (10:15:36) | WARNING: NVML: Failed to get GPU power usage: Not Supported
2026/02/20 (10:15:41) | WARNING: NVML: Failed to get GPU power usage: Not Supported
2026/02/20 (10:15:42) | WARNING: NVML: Failed to get GPU power usage: Not Supported
2026/02/20 (10:15:46) | WARNING: NVML: Failed to get GPU utilization: Unknown Error
2026/02/20 (10:15:47) | WARNING: NVML: Failed to get GPU power usage: Not Supported
2026/02/20 (10:15:48) | WARNING: NVML: Failed to get GPU power usage: Not Supported
2026/02/20 (10:15:52) | WARNING: NVML: Failed to get GPU utilization: Unknown Error
2026/02/20 (10:15:53) | WARNING: NVML: Failed to get GPU power usage: Not Supported
2026/02/20 (10:15:54) | WARNING: NVML: Failed to get GPU power usage: Not Supported
2026/02/20 (10:15:58) | WARNING: NVML: Failed to get GPU utilization: Unknown Error
2026/02/20 (10:15:59) | WARNING: NVML: Failed to get GPU power usage: Not Supported
2026/02/20 (10:16:04) | WARNING: NVML: Failed to get GPU utilization: Unknown Error
2026/02/20 (10:16:05) | WARNING: NVML: Failed to get GPU power usage: Not Supported
2026/02/20 (10:16:06) | WARNING: NVML: Failed to get GPU power usage: Not Supported
2026/02/20 (10:16:10) | WARNING: NVML: Failed to get GPU utilization: Unknown Error
2026/02/20 (10:16:11) | WARNING: NVML: Failed to get GPU power usage: Not Supported
2026/02/20 (10:16:12) | WARNING: NVML: Failed to get GPU power usage: Not Supported
2026/02/20 (10:16:16) | WARNING: NVML: Failed to get GPU utilization: Unknown Error
2026/02/20 (10:16:22) | WARNING: NVML: Failed to get GPU utilization: Unknown Error
2026/02/20 (10:16:23) | WARNING: NVML: Failed to get GPU power usage: Not Supported
2026/02/20 (10:16:24) | WARNING: NVML: Failed to get GPU power usage: Not Supported
2026/02/20 (10:16:28) | WARNING: NVML: Failed to get GPU utilization: Unknown Error
2026/02/20 (10:16:29) | WARNING: NVML: Failed to get GPU power usage: Not Supported
2026/02/20 (10:16:30) | WARNING: NVML: Failed to get GPU power usage: Not Supported
2026/02/20 (10:16:38) | WARNING: NVML: Failed to get GPU utilization: Unknown Error
2026/02/20 (10:16:39) | WARNING: NVML: Failed to get GPU power usage: Not Supported
2026/02/20 (10:16:41) | WARNING: NVML: Failed to get GPU power usage: Not Supported
2026/02/20 (10:16:44) | WARNING: NVML: Failed to get GPU utilization: Unknown Error
2026/02/20 (10:16:47) | WARNING: NVML: Failed to get GPU power usage: Not Supported
2026/02/20 (10:16:50) | WARNING: NVML: Failed to get GPU utilization: Unknown Error
2026/02/20 (10:16:53) | WARNING: NVML: Failed to get GPU power usage: Not Supported
2026/02/20 (10:16:56) | WARNING: NVML: Failed to get GPU utilization: Unknown Error
2026/02/20 (10:16:57) | WARNING: NVML: Failed to get GPU power usage: Not Supported
2026/02/20 (10:17:02) | WARNING: NVML: Failed to get GPU utilization: Unknown Error
2026/02/20 (10:17:03) | WARNING: NVML: Failed to get GPU power usage: Not Supported
2026/02/20 (10:17:05) | WARNING: NVML: Failed to get GPU power usage: Not Supported
2026/02/20 (10:17:08) | WARNING: NVML: Failed to get GPU utilization: Unknown Error
2026/02/20 (10:17:09) | WARNING: NVML: Failed to get GPU power usage: Not Supported
2026/02/20 (10:17:11) | WARNING: NVML: Failed to get GPU power usage: Not Supported
2026/02/20 (10:17:14) | WARNING: NVML: Failed to get GPU utilization: Unknown Error
2026/02/20 (10:17:15) | WARNING: NVML: Failed to get GPU power usage: Not Supported
2026/02/20 (10:17:17) | WARNING: NVML: Failed to get GPU power usage: Not Supported
2026/02/20 (10:17:20) | WARNING: NVML: Failed to get GPU utilization: Unknown Error
2026/02/20 (10:17:23) | WARNING: NVML: Failed to get GPU power usage: Not Supported
2026/02/20 (10:17:26) | WARNING: NVML: Failed to get GPU utilization: Unknown Error
2026/02/20 (10:17:27) | WARNING: NVML: Failed to get GPU power usage: Not Supported
2026/02/20 (10:17:32) | WARNING: NVML: Failed to get GPU utilization: Unknown Error
2026/02/20 (10:17:35) | WARNING: NVML: Failed to get GPU power usage: Not Supported
2026/02/20 (10:17:38) | WARNING: NVML: Failed to get GPU utilization: Unknown Error
2026/02/20 (10:17:41) | WARNING: NVML: Failed to get GPU power usage: Not Supported
2026/02/20 (10:17:44) | WARNING: NVML: Failed to get GPU utilization: Unknown Error
2026/02/20 (10:17:47) | WARNING: NVML: Failed to get GPU power usage: Not Supported
2026/02/20 (10:17:50) | WARNING: NVML: Failed to get GPU utilization: Unknown Error
2026/02/20 (10:17:51) | WARNING: NVML: Failed to get GPU power usage: Not Supported
2026/02/20 (10:17:53) | WARNING: NVML: Failed to get GPU power usage: Not Supported
2026/02/20 (10:17:56) | WARNING: NVML: Failed to get GPU utilization: Unknown Error
2026/02/20 (10:17:57) | WARNING: NVML: Failed to get GPU power usage: Not Supported
2026/02/20 (10:17:59) | WARNING: NVML: Failed to get GPU power usage: Not Supported
2026/02/20 (10:18:02) | WARNING: NVML: Failed to get GPU utilization: Unknown Error
2026/02/20 (10:18:08) | WARNING: NVML: Failed to get GPU utilization: Unknown Error
2026/02/20 (10:18:11) | WARNING: NVML: Failed to get GPU power usage: Not Supported
2026/02/20 (10:18:14) | WARNING: NVML: Failed to get GPU utilization: Unknown Error
2026/02/20 (10:18:15) | WARNING: NVML: Failed to get GPU power usage: Not Supported
2026/02/20 (10:18:17) | WARNING: NVML: Failed to get GPU power usage: Not Supported
2026/02/20 (10:18:20) | WARNING: NVML: Failed to get GPU utilization: Unknown Error
2026/02/20 (10:18:21) | WARNING: NVML: Failed to get GPU power usage: Not Supported
2026/02/20 (10:18:23) | WARNING: NVML: Failed to get GPU power usage: Not Supported
2026/02/20 (10:18:26) | WARNING: NVML: Failed to get GPU utilization: Unknown Error
2026/02/20 (10:18:27) | WARNING: NVML: Failed to get GPU power usage: Not Supported
2026/02/20 (10:18:29) | WARNING: NVML: Failed to get GPU power usage: Not Supported
2026/02/20 (10:18:32) | WARNING: NVML: Failed to get GPU utilization: Unknown Error
2026/02/20 (10:18:33) | WARNING: NVML: Failed to get GPU power usage: Not Supported
2026/02/20 (10:18:35) | WARNING: NVML: Failed to get GPU power usage: Not Supported
2026/02/20 (10:18:38) | WARNING: NVML: Failed to get GPU utilization: Unknown Error
2026/02/20 (10:18:39) | WARNING: NVML: Failed to get GPU power usage: Not Supported
2026/02/20 (10:18:41) | WARNING: NVML: Failed to get GPU power usage: Not Supported
2026/02/20 (10:18:44) | WARNING: NVML: Failed to get GPU utilization: Unknown Error
2026/02/20 (10:18:45) | WARNING: NVML: Failed to get GPU power usage: Not Supported
2026/02/20 (10:18:50) | WARNING: NVML: Failed to get GPU utilization: Unknown Error
2026/02/20 (10:18:56) | WARNING: NVML: Failed to get GPU utilization: Unknown Error
2026/02/20 (10:18:59) | WARNING: NVML: Failed to get GPU power usage: Not Supported
2026/02/20 (10:19:02) | WARNING: NVML: Failed to get GPU utilization: Unknown Error
2026/02/20 (10:19:05) | WARNING: NVML: Failed to get GPU power usage: Not Supported
2026/02/20 (10:19:08) | WARNING: NVML: Failed to get GPU utilization: Unknown Error
2026/02/20 (10:19:11) | WARNING: NVML: Failed to get GPU power usage: Not Supported
2026/02/20 (10:19:14) | WARNING: NVML: Failed to get GPU utilization: Unknown Error
2026/02/20 (10:19:20) | WARNING: NVML: Failed to get GPU utilization: Unknown Error
2026/02/20 (10:19:23) | WARNING: NVML: Failed to get GPU power usage: Not Supported
2026/02/20 (10:19:26) | WARNING: NVML: Failed to get GPU utilization: Unknown Error
2026/02/20 (10:19:32) | WARNING: NVML: Failed to get GPU utilization: Unknown Error
2026/02/20 (10:19:35) | WARNING: NVML: Failed to get GPU power usage: Not Supported
2026/02/20 (10:19:38) | WARNING: NVML: Failed to get GPU utilization: Unknown Error
2026/02/20 (10:19:39) | WARNING: NVML: Failed to get GPU power usage: Not Supported
2026/02/20 (10:19:41) | WARNING: NVML: Failed to get GPU power usage: Not Supported
2026/02/20 (10:19:44) | WARNING: NVML: Failed to get GPU utilization: Unknown Error
2026/02/20 (10:19:47) | WARNING: NVML: Failed to get GPU power usage: Not Supported
2026/02/20 (10:19:50) | WARNING: NVML: Failed to get GPU utilization: Unknown Error
2026/02/20 (10:19:51) | WARNING: NVML: Failed to get GPU power usage: Not Supported
2026/02/20 (10:19:53) | WARNING: NVML: Failed to get GPU power usage: Not Supported
2026/02/20 (10:19:56) | WARNING: NVML: Failed to get GPU utilization: Unknown Error
2026/02/20 (10:19:57) | WARNING: NVML: Failed to get GPU power usage: Not Supported
2026/02/20 (10:19:59) | WARNING: NVML: Failed to get GPU power usage: Not Supported
2026/02/20 (10:20:02) | WARNING: NVML: Failed to get GPU utilization: Unknown Error
2026/02/20 (10:20:03) | WARNING: NVML: Failed to get GPU power usage: Not Supported
2026/02/20 (10:20:05) | WARNING: NVML: Failed to get GPU power usage: Not Supported
2026/02/20 (10:20:08) | WARNING: NVML: Failed to get GPU utilization: Unknown Error
2026/02/20 (10:20:11) | WARNING: NVML: Failed to get GPU power usage: Not Supported
2026/02/20 (10:20:14) | WARNING: NVML: Failed to get GPU utilization: Unknown Error
2026/02/20 (10:20:15) | WARNING: NVML: Failed to get GPU power usage: Not Supported
2026/02/20 (10:20:20) | WARNING: NVML: Failed to get GPU utilization: Unknown Error
2026/02/20 (10:20:23) | WARNING: NVML: Failed to get GPU power usage: Not Supported
2026/02/20 (10:20:27) | WARNING: NVML: Failed to get GPU utilization: Unknown Error
2026/02/20 (10:20:27) | WARNING: NVML: Failed to get GPU power usage: Not Supported
2026/02/20 (10:20:29) | WARNING: NVML: Failed to get GPU power usage: Not Supported
2026/02/20 (10:20:33) | WARNING: NVML: Failed to get GPU utilization: Unknown Error
2026/02/20 (10:20:38) | WARNING: NVML: Failed to get GPU utilization: Unknown Error
2026/02/20 (10:20:39) | WARNING: NVML: Failed to get GPU power usage: Not Supported
2026/02/20 (10:20:45) | WARNING: NVML: Failed to get GPU utilization: Unknown Error
2026/02/20 (10:20:45) | WARNING: NVML: Failed to get GPU power usage: Not Supported
2026/02/20 (10:20:51) | WARNING: NVML: Failed to get GPU utilization: Unknown Error
2026/02/20 (10:20:51) | WARNING: NVML: Failed to get GPU power usage: Not Supported
2026/02/20 (10:20:56) | WARNING: NVML: Failed to get GPU utilization: Unknown Error
2026/02/20 (10:20:59) | WARNING: NVML: Failed to get GPU power usage: Not Supported
2026/02/20 (10:21:02) | WARNING: NVML: Failed to get GPU utilization: Unknown Error
2026/02/20 (10:21:03) | WARNING: NVML: Failed to get GPU power usage: Not Supported
2026/02/20 (10:21:05) | WARNING: NVML: Failed to get GPU power usage: Not Supported
2026/02/20 (10:21:09) | WARNING: NVML: Failed to get GPU utilization: Unknown Error
2026/02/20 (10:21:09) | WARNING: NVML: Failed to get GPU power usage: Not Supported
2026/02/20 (10:21:11) | WARNING: NVML: Failed to get GPU power usage: Not Supported
2026/02/20 (10:21:15) | WARNING: NVML: Failed to get GPU utilization: Unknown Error
2026/02/20 (10:21:15) | WARNING: NVML: Failed to get GPU power usage: Not Supported
2026/02/20 (10:21:17) | WARNING: NVML: Failed to get GPU power usage: Not Supported
2026/02/20 (16:48:08) | WARNING: NVML: Failed to get GPU power usage: Not Supported
2026/02/20 (16:48:12) | WARNING: NVML: Failed to get GPU utilization: Unknown Error
2026/02/20 (16:48:18) | WARNING: NVML: Failed to get GPU utilization: Unknown Error

2026/02/20 (16:48:20) | ===> btop++ v.1.3.0
2026/02/20 (16:48:20) | INFO: Logger set to INFO
2026/02/20 (16:48:20) | INFO: Running on /dev/pts/14
2026/02/20 (16:48:22) | WARNING: NVML: Failed to get maximum GPU power draw, defaulting to 225W: Not Supported
2026/02/20 (16:48:22) | INFO: Failed to load librocm_smi64.so, AMD GPUs will not be detected: librocm_smi64.so.1.0: cannot open shared object file: No such file or directory
2026/02/20 (16:48:24) | WARNING: NVML: Failed to get GPU utilization: Unknown Error
2026/02/20 (16:48:24) | INFO: Quitting! Runtime: 00:00:04
2026/02/20 (16:48:26) | WARNING: NVML: Failed to get GPU power usage: Not Supported
2026/02/20 (16:48:30) | WARNING: NVML: Failed to get GPU utilization: Unknown Error
2026/02/20 (16:48:30) | WARNING: NVML: Failed to get GPU power usage: Not Supported
2026/02/20 (16:48:32) | WARNING: NVML: Failed to get GPU power usage: Not Supported
2026/02/20 (16:48:36) | WARNING: NVML: Failed to get GPU utilization: Unknown Error
2026/02/20 (16:48:42) | WARNING: NVML: Failed to get GPU utilization: Unknown Error
2026/02/20 (16:48:42) | WARNING: NVML: Failed to get GPU power usage: Not Supported
2026/02/20 (16:48:44) | WARNING: NVML: Failed to get GPU power usage: Not Supported
2026/02/20 (16:48:48) | WARNING: NVML: Failed to get GPU utilization: Unknown Error
2026/02/20 (16:48:48) | WARNING: NVML: Failed to get GPU power usage: Not Supported
2026/02/20 (16:48:54) | WARNING: NVML: Failed to get GPU utilization: Unknown Error
2026/02/20 (16:48:56) | WARNING: NVML: Failed to get GPU power usage: Not Supported
2026/02/20 (16:49:00) | WARNING: NVML: Failed to get GPU utilization: Unknown Error
2026/02/20 (16:49:02) | WARNING: NVML: Failed to get GPU power usage: Not Supported
2026/02/20 (16:49:06) | WARNING: NVML: Failed to get GPU utilization: Unknown Error
2026/02/20 (16:49:06) | WARNING: NVML: Failed to get GPU power usage: Not Supported
2026/02/20 (16:49:08) | WARNING: NVML: Failed to get GPU power usage: Not Supported
2026/02/20 (16:49:12) | WARNING: NVML: Failed to get GPU utilization: Unknown Error
2026/02/20 (16:49:12) | WARNING: NVML: Failed to get GPU power usage: Not Supported
2026/02/20 (16:49:14) | WARNING: NVML: Failed to get GPU power usage: Not Supported
2026/02/20 (16:49:18) | WARNING: NVML: Failed to get GPU utilization: Unknown Error
2026/02/20 (16:49:18) | WARNING: NVML: Failed to get GPU power usage: Not Supported
2026/02/20 (16:49:20) | WARNING: NVML: Failed to get GPU power usage: Not Supported
2026/02/20 (16:49:24) | WARNING: NVML: Failed to get GPU utilization: Unknown Error
2026/02/20 (16:49:24) | WARNING: NVML: Failed to get GPU power usage: Not Supported
2026/02/20 (16:49:26) | WARNING: NVML: Failed to get GPU power usage: Not Supported
2026/02/20 (16:49:30) | WARNING: NVML: Failed to get GPU utilization: Unknown Error
2026/02/20 (16:49:36) | WARNING: NVML: Failed to get GPU utilization: Unknown Error
2026/02/20 (16:49:36) | WARNING: NVML: Failed to get GPU power usage: Not Supported
2026/02/20 (16:49:38) | WARNING: NVML: Failed to get GPU power usage: Not Supported
2026/02/20 (16:49:42) | WARNING: NVML: Failed to get GPU utilization: Unknown Error
2026/02/20 (16:49:42) | WARNING: NVML: Failed to get GPU power usage: Not Supported
2026/02/20 (16:49:44) | WARNING: NVML: Failed to get GPU power usage: Not Supported
2026/02/20 (16:49:48) | WARNING: NVML: Failed to get GPU utilization: Unknown Error
2026/02/20 (16:49:50) | WARNING: NVML: Failed to get GPU power usage: Not Supported
2026/02/20 (16:49:54) | WARNING: NVML: Failed to get GPU utilization: Unknown Error
2026/02/20 (16:49:56) | WARNING: NVML: Failed to get GPU power usage: Not Supported
2026/02/20 (16:50:00) | WARNING: NVML: Failed to get GPU utilization: Unknown Error
2026/02/20 (16:50:02) | WARNING: NVML: Failed to get GPU power usage: Not Supported
2026/02/20 (16:50:06) | WARNING: NVML: Failed to get GPU utilization: Unknown Error
